2019-08-30 17:19:57.651 +08:00 [WebApplication4] [Information] SkyApm.InstrumentStartup : Initializing ...
2019-08-30 17:19:57.809 +08:00 [WebApplication4] [Information] SkyApm.Service.RegisterService : Loaded instrument service [SkyApm.Service.RegisterService].
2019-08-30 17:19:57.810 +08:00 [WebApplication4] [Information] SkyApm.Service.PingService : Loaded instrument service [SkyApm.Service.PingService].
2019-08-30 17:19:57.810 +08:00 [WebApplication4] [Information] SkyApm.Service.ServiceDiscoveryV5Service : Loaded instrument service [SkyApm.Service.ServiceDiscoveryV5Service].
2019-08-30 17:19:57.810 +08:00 [WebApplication4] [Information] SkyApm.Service.SegmentReportService : Loaded instrument service [SkyApm.Service.SegmentReportService].
2019-08-30 17:19:57.811 +08:00 [WebApplication4] [Information] SkyApm.Sampling.SimpleCountSamplingInterceptor : Loaded instrument service [SkyApm.Sampling.SimpleCountSamplingInterceptor].
2019-08-30 17:19:57.811 +08:00 [WebApplication4] [Information] SkyApm.Transport.Grpc.V6.ConnectService : Loaded instrument service [SkyApm.Transport.Grpc.V6.ConnectService].
2019-08-30 17:19:57.895 +08:00 [WebApplication4] [Information] SkyApm.Diagnostics.TracingDiagnosticProcessorObserver : Loaded diagnostic listener [Microsoft.AspNetCore].
2019-08-30 17:19:57.896 +08:00 [WebApplication4] [Information] SkyApm.InstrumentStartup : Started SkyAPM .NET Core Agent.
2019-08-30 17:19:59.204 +08:00 [WebApplication4] [Information] SkyApm.Transport.Grpc.ConnectionManager : Connected server[127.0.0.1:11800].
2019-08-30 17:20:28.789 +08:00 [WebApplication4] [Information] SkyApm.Service.RegisterService : Registered Service[Id=2].
2019-08-30 17:20:29.477 +08:00 [WebApplication4] [Information] SkyApm.Service.RegisterService : Registered ServiceInstance[Id=2].
2019-08-30 17:21:27.836 +08:00 [WebApplication4] [Information] SkyApm.Service.PingService : Ping server @2019/8/30 9:21:27 +00:00
2019-08-30 17:22:27.835 +08:00 [WebApplication4] [Information] SkyApm.Service.PingService : Ping server @2019/8/30 9:22:27 +00:00
2019-08-30 17:23:27.818 +08:00 [WebApplication4] [Information] SkyApm.Service.PingService : Ping server @2019/8/30 9:23:27 +00:00
2019-08-30 17:23:37.546 +08:00 [WebApplication4] [Debug] SkyApm.Transport.AsyncQueueSegmentDispatcher : Dispatch trace segment. [SegmentId]=2.5.15671570174820004.
2019-08-30 17:23:37.743 +08:00 [WebApplication4] [Debug] SkyApm.Transport.AsyncQueueSegmentDispatcher : Dispatch trace segment. [SegmentId]=2.5.15671570177050006.
2019-08-30 17:23:37.954 +08:00 [WebApplication4] [Debug] SkyApm.Transport.AsyncQueueSegmentDispatcher : Dispatch trace segment. [SegmentId]=2.9.15671570179280002.
2019-08-30 17:23:38.201 +08:00 [WebApplication4] [Debug] SkyApm.Transport.AsyncQueueSegmentDispatcher : Dispatch trace segment. [SegmentId]=2.9.15671570181680004.
2019-08-30 17:23:38.404 +08:00 [WebApplication4] [Debug] SkyApm.Transport.AsyncQueueSegmentDispatcher : Dispatch trace segment. [SegmentId]=2.5.15671570183760008.
2019-08-30 17:23:38.631 +08:00 [WebApplication4] [Debug] SkyApm.Transport.AsyncQueueSegmentDispatcher : Dispatch trace segment. [SegmentId]=2.9.15671570185860006.
2019-08-30 17:23:38.863 +08:00 [WebApplication4] [Debug] SkyApm.Transport.AsyncQueueSegmentDispatcher : Dispatch trace segment. [SegmentId]=2.26.15671570188270002.
2019-08-30 17:23:39.084 +08:00 [WebApplication4] [Debug] SkyApm.Transport.AsyncQueueSegmentDispatcher : Dispatch trace segment. [SegmentId]=2.26.15671570190560004.
2019-08-30 17:23:39.282 +08:00 [WebApplication4] [Debug] SkyApm.Transport.AsyncQueueSegmentDispatcher : Dispatch trace segment. [SegmentId]=2.5.15671570192560010.
2019-08-30 17:23:39.495 +08:00 [WebApplication4] [Debug] SkyApm.Transport.AsyncQueueSegmentDispatcher : Dispatch trace segment. [SegmentId]=2.9.15671570194640008.
2019-08-30 17:23:39.747 +08:00 [WebApplication4] [Debug] SkyApm.Transport.AsyncQueueSegmentDispatcher : Dispatch trace segment. [SegmentId]=2.5.15671570197200012.
2019-08-30 17:23:39.946 +08:00 [WebApplication4] [Information] SkyApm.Transport.Grpc.V6.SegmentReporter : Report 11 trace segment. cost: 00:00:00.0892447s
2019-08-30 17:23:40.670 +08:00 [WebApplication4] [Debug] SkyApm.Transport.AsyncQueueSegmentDispatcher : Dispatch trace segment. [SegmentId]=2.20.15671570206350002.
2019-08-30 17:23:40.922 +08:00 [WebApplication4] [Debug] SkyApm.Transport.AsyncQueueSegmentDispatcher : Dispatch trace segment. [SegmentId]=2.27.15671570208970002.
2019-08-30 17:23:41.113 +08:00 [WebApplication4] [Debug] SkyApm.Transport.AsyncQueueSegmentDispatcher : Dispatch trace segment. [SegmentId]=2.20.15671570210720004.
2019-08-30 17:23:41.535 +08:00 [WebApplication4] [Debug] SkyApm.Transport.AsyncQueueSegmentDispatcher : Dispatch trace segment. [SegmentId]=2.28.15671570215060002.
2019-08-30 17:23:41.820 +08:00 [WebApplication4] [Debug] SkyApm.Transport.AsyncQueueSegmentDispatcher : Dispatch trace segment. [SegmentId]=2.5.15671570217930014.
2019-08-30 17:23:42.053 +08:00 [WebApplication4] [Debug] SkyApm.Transport.AsyncQueueSegmentDispatcher : Dispatch trace segment. [SegmentId]=2.20.15671570220250006.
2019-08-30 17:23:42.231 +08:00 [WebApplication4] [Debug] SkyApm.Transport.AsyncQueueSegmentDispatcher : Dispatch trace segment. [SegmentId]=2.5.15671570222010016.
2019-08-30 17:23:42.444 +08:00 [WebApplication4] [Debug] SkyApm.Transport.AsyncQueueSegmentDispatcher : Dispatch trace segment. [SegmentId]=2.27.15671570224170004.
2019-08-30 17:23:42.648 +08:00 [WebApplication4] [Debug] SkyApm.Transport.AsyncQueueSegmentDispatcher : Dispatch trace segment. [SegmentId]=2.28.15671570226100004.
2019-08-30 17:23:42.819 +08:00 [WebApplication4] [Information] SkyApm.Transport.Grpc.V6.SegmentReporter : Report 9 trace segment. cost: 00:00:00.0067854s
2019-08-30 17:23:42.850 +08:00 [WebApplication4] [Debug] SkyApm.Transport.AsyncQueueSegmentDispatcher : Dispatch trace segment. [SegmentId]=2.28.15671570228250006.
2019-08-30 17:23:43.002 +08:00 [WebApplication4] [Debug] SkyApm.Transport.AsyncQueueSegmentDispatcher : Dispatch trace segment. [SegmentId]=2.5.15671570229770018.
2019-08-30 17:23:43.245 +08:00 [WebApplication4] [Debug] SkyApm.Transport.AsyncQueueSegmentDispatcher : Dispatch trace segment. [SegmentId]=2.20.15671570232170008.
2019-08-30 17:23:43.436 +08:00 [WebApplication4] [Debug] SkyApm.Transport.AsyncQueueSegmentDispatcher : Dispatch trace segment. [SegmentId]=2.5.15671570234020020.
2019-08-30 17:23:43.669 +08:00 [WebApplication4] [Debug] SkyApm.Transport.AsyncQueueSegmentDispatcher : Dispatch trace segment. [SegmentId]=2.20.15671570236290010.
2019-08-30 17:23:43.823 +08:00 [WebApplication4] [Debug] SkyApm.Transport.AsyncQueueSegmentDispatcher : Dispatch trace segment. [SegmentId]=2.27.15671570237670006.
2019-08-30 17:23:44.120 +08:00 [WebApplication4] [Debug] SkyApm.Transport.AsyncQueueSegmentDispatcher : Dispatch trace segment. [SegmentId]=2.27.15671570240640008.
2019-08-30 17:23:44.371 +08:00 [WebApplication4] [Debug] SkyApm.Transport.AsyncQueueSegmentDispatcher : Dispatch trace segment. [SegmentId]=2.28.15671570243030008.
2019-08-30 17:23:44.573 +08:00 [WebApplication4] [Debug] SkyApm.Transport.AsyncQueueSegmentDispatcher : Dispatch trace segment. [SegmentId]=2.5.15671570245110022.
2019-08-30 17:23:44.736 +08:00 [WebApplication4] [Debug] SkyApm.Transport.AsyncQueueSegmentDispatcher : Dispatch trace segment. [SegmentId]=2.27.15671570247060010.
2019-08-30 17:23:44.955 +08:00 [WebApplication4] [Debug] SkyApm.Transport.AsyncQueueSegmentDispatcher : Dispatch trace segment. [SegmentId]=2.27.15671570248960012.
2019-08-30 17:23:45.143 +08:00 [WebApplication4] [Debug] SkyApm.Transport.AsyncQueueSegmentDispatcher : Dispatch trace segment. [SegmentId]=2.27.15671570250810014.
2019-08-30 17:23:45.322 +08:00 [WebApplication4] [Debug] SkyApm.Transport.AsyncQueueSegmentDispatcher : Dispatch trace segment. [SegmentId]=2.27.15671570252830016.
2019-08-30 17:23:45.534 +08:00 [WebApplication4] [Debug] SkyApm.Transport.AsyncQueueSegmentDispatcher : Dispatch trace segment. [SegmentId]=2.5.15671570254890024.
2019-08-30 17:23:45.738 +08:00 [WebApplication4] [Debug] SkyApm.Transport.AsyncQueueSegmentDispatcher : Dispatch trace segment. [SegmentId]=2.20.15671570257010012.
2019-08-30 17:23:45.834 +08:00 [WebApplication4] [Information] SkyApm.Transport.Grpc.V6.SegmentReporter : Report 15 trace segment. cost: 00:00:00.0218363s
2019-08-30 17:23:45.922 +08:00 [WebApplication4] [Debug] SkyApm.Transport.AsyncQueueSegmentDispatcher : Dispatch trace segment. [SegmentId]=2.26.15671570258970006.
2019-08-30 17:23:46.155 +08:00 [WebApplication4] [Debug] SkyApm.Transport.AsyncQueueSegmentDispatcher : Dispatch trace segment. [SegmentId]=2.5.15671570260860026.
2019-08-30 17:23:46.309 +08:00 [WebApplication4] [Debug] SkyApm.Transport.AsyncQueueSegmentDispatcher : Dispatch trace segment. [SegmentId]=2.5.15671570262620028.
2019-08-30 17:23:46.503 +08:00 [WebApplication4] [Debug] SkyApm.Transport.AsyncQueueSegmentDispatcher : Dispatch trace segment. [SegmentId]=2.20.15671570264580014.
2019-08-30 17:23:46.677 +08:00 [WebApplication4] [Debug] SkyApm.Transport.AsyncQueueSegmentDispatcher : Dispatch trace segment. [SegmentId]=2.20.15671570266330016.
2019-08-30 17:23:46.907 +08:00 [WebApplication4] [Debug] SkyApm.Transport.AsyncQueueSegmentDispatcher : Dispatch trace segment. [SegmentId]=2.5.15671570268390030.
2019-08-30 17:23:47.113 +08:00 [WebApplication4] [Debug] SkyApm.Transport.AsyncQueueSegmentDispatcher : Dispatch trace segment. [SegmentId]=2.27.15671570270740018.
2019-08-30 17:23:47.335 +08:00 [WebApplication4] [Debug] SkyApm.Transport.AsyncQueueSegmentDispatcher : Dispatch trace segment. [SegmentId]=2.26.15671570273060008.
2019-08-30 17:23:47.679 +08:00 [WebApplication4] [Debug] SkyApm.Transport.AsyncQueueSegmentDispatcher : Dispatch trace segment. [SegmentId]=2.24.15671570276430002.
2019-08-30 17:23:47.886 +08:00 [WebApplication4] [Debug] SkyApm.Transport.AsyncQueueSegmentDispatcher : Dispatch trace segment. [SegmentId]=2.5.15671570278580032.
2019-08-30 17:23:48.074 +08:00 [WebApplication4] [Debug] SkyApm.Transport.AsyncQueueSegmentDispatcher : Dispatch trace segment. [SegmentId]=2.9.15671570280410010.
2019-08-30 17:23:48.261 +08:00 [WebApplication4] [Debug] SkyApm.Transport.AsyncQueueSegmentDispatcher : Dispatch trace segment. [SegmentId]=2.5.15671570282330034.
2019-08-30 17:23:48.458 +08:00 [WebApplication4] [Debug] SkyApm.Transport.AsyncQueueSegmentDispatcher : Dispatch trace segment. [SegmentId]=2.9.15671570284340012.
2019-08-30 17:23:48.665 +08:00 [WebApplication4] [Debug] SkyApm.Transport.AsyncQueueSegmentDispatcher : Dispatch trace segment. [SegmentId]=2.5.15671570286260036.
2019-08-30 17:23:48.823 +08:00 [WebApplication4] [Information] SkyApm.Transport.Grpc.V6.SegmentReporter : Report 14 trace segment. cost: 00:00:00.0120537s
2019-08-30 17:23:48.857 +08:00 [WebApplication4] [Debug] SkyApm.Transport.AsyncQueueSegmentDispatcher : Dispatch trace segment. [SegmentId]=2.5.15671570288260038.
2019-08-30 17:23:51.814 +08:00 [WebApplication4] [Information] SkyApm.Transport.Grpc.V6.SegmentReporter : Report 1 trace segment. cost: 00:00:00.0044212s
2019-08-30 17:24:27.820 +08:00 [WebApplication4] [Information] SkyApm.Service.PingService : Ping server @2019/8/30 9:24:27 +00:00
2019-08-30 17:34:06.885 +08:00 [WebApplication5] [Information] SkyApm.InstrumentStartup : Initializing ...
2019-08-30 17:34:06.952 +08:00 [WebApplication5] [Information] SkyApm.Service.RegisterService : Loaded instrument service [SkyApm.Service.RegisterService].
2019-08-30 17:34:06.952 +08:00 [WebApplication5] [Information] SkyApm.Service.PingService : Loaded instrument service [SkyApm.Service.PingService].
2019-08-30 17:34:06.952 +08:00 [WebApplication5] [Information] SkyApm.Service.ServiceDiscoveryV5Service : Loaded instrument service [SkyApm.Service.ServiceDiscoveryV5Service].
2019-08-30 17:34:06.953 +08:00 [WebApplication5] [Information] SkyApm.Service.SegmentReportService : Loaded instrument service [SkyApm.Service.SegmentReportService].
2019-08-30 17:34:06.953 +08:00 [WebApplication5] [Information] SkyApm.Sampling.SimpleCountSamplingInterceptor : Loaded instrument service [SkyApm.Sampling.SimpleCountSamplingInterceptor].
2019-08-30 17:34:06.953 +08:00 [WebApplication5] [Information] SkyApm.Transport.Grpc.V6.ConnectService : Loaded instrument service [SkyApm.Transport.Grpc.V6.ConnectService].
2019-08-30 17:34:06.970 +08:00 [WebApplication5] [Information] SkyApm.Diagnostics.TracingDiagnosticProcessorObserver : Loaded diagnostic listener [Microsoft.AspNetCore].
2019-08-30 17:34:06.971 +08:00 [WebApplication5] [Information] SkyApm.InstrumentStartup : Started SkyAPM .NET Core Agent.
2019-08-30 17:34:07.175 +08:00 [WebApplication5] [Information] SkyApm.Transport.Grpc.ConnectionManager : Connected server[127.0.0.1:11800].
2019-08-30 17:34:08.079 +08:00 [WebApplication5] [Information] SkyApm.Service.RegisterService : Registered Service[Id=5].
2019-08-30 17:34:08.653 +08:00 [WebApplication5] [Information] SkyApm.Service.RegisterService : Registered ServiceInstance[Id=5].
2019-08-30 17:34:54.763 +08:00 [WebApplication5] [Information] SkyApm.InstrumentStartup : Initializing ...
2019-08-30 17:34:54.864 +08:00 [WebApplication5] [Information] SkyApm.Service.RegisterService : Loaded instrument service [SkyApm.Service.RegisterService].
2019-08-30 17:34:54.865 +08:00 [WebApplication5] [Information] SkyApm.Service.PingService : Loaded instrument service [SkyApm.Service.PingService].
2019-08-30 17:34:54.865 +08:00 [WebApplication5] [Information] SkyApm.Service.ServiceDiscoveryV5Service : Loaded instrument service [SkyApm.Service.ServiceDiscoveryV5Service].
2019-08-30 17:34:54.865 +08:00 [WebApplication5] [Information] SkyApm.Service.SegmentReportService : Loaded instrument service [SkyApm.Service.SegmentReportService].
2019-08-30 17:34:54.866 +08:00 [WebApplication5] [Information] SkyApm.Sampling.SimpleCountSamplingInterceptor : Loaded instrument service [SkyApm.Sampling.SimpleCountSamplingInterceptor].
2019-08-30 17:34:54.866 +08:00 [WebApplication5] [Information] SkyApm.Transport.Grpc.V6.ConnectService : Loaded instrument service [SkyApm.Transport.Grpc.V6.ConnectService].
2019-08-30 17:34:54.873 +08:00 [WebApplication5] [Information] SkyApm.Diagnostics.TracingDiagnosticProcessorObserver : Loaded diagnostic listener [Microsoft.AspNetCore].
2019-08-30 17:34:54.873 +08:00 [WebApplication5] [Information] SkyApm.InstrumentStartup : Started SkyAPM .NET Core Agent.
2019-08-30 17:34:55.139 +08:00 [WebApplication5] [Information] SkyApm.Transport.Grpc.ConnectionManager : Connected server[127.0.0.1:11800].
2019-08-30 17:34:55.565 +08:00 [WebApplication5] [Information] SkyApm.Service.RegisterService : Registered Service[Id=5].
2019-08-30 17:34:56.179 +08:00 [WebApplication5] [Information] SkyApm.Service.RegisterService : Registered ServiceInstance[Id=8].
2019-08-30 17:35:01.116 +08:00 [WebApplication5] [Debug] SkyApm.Transport.AsyncQueueSegmentDispatcher : Dispatch trace segment. [SegmentId]=8.7.15671577010850001.
2019-08-30 17:35:01.140 +08:00 [WebApplication5] [Debug] SkyApm.Transport.AsyncQueueSegmentDispatcher : Dispatch trace segment. [SegmentId]=8.6.15671577011190004.
2019-08-30 17:35:01.339 +08:00 [WebApplication5] [Debug] SkyApm.Transport.AsyncQueueSegmentDispatcher : Dispatch trace segment. [SegmentId]=8.7.15671577013180002.
2019-08-30 17:35:01.364 +08:00 [WebApplication5] [Debug] SkyApm.Transport.AsyncQueueSegmentDispatcher : Dispatch trace segment. [SegmentId]=8.6.15671577013410005.
2019-08-30 17:35:01.555 +08:00 [WebApplication5] [Debug] SkyApm.Transport.AsyncQueueSegmentDispatcher : Dispatch trace segment. [SegmentId]=8.6.15671577015350006.
2019-08-30 17:35:01.575 +08:00 [WebApplication5] [Debug] SkyApm.Transport.AsyncQueueSegmentDispatcher : Dispatch trace segment. [SegmentId]=8.9.15671577015570001.
2019-08-30 17:35:01.740 +08:00 [WebApplication5] [Debug] SkyApm.Transport.AsyncQueueSegmentDispatcher : Dispatch trace segment. [SegmentId]=8.6.15671577017200007.
2019-08-30 17:35:01.760 +08:00 [WebApplication5] [Debug] SkyApm.Transport.AsyncQueueSegmentDispatcher : Dispatch trace segment. [SegmentId]=8.9.15671577017420002.
2019-08-30 17:35:01.956 +08:00 [WebApplication5] [Debug] SkyApm.Transport.AsyncQueueSegmentDispatcher : Dispatch trace segment. [SegmentId]=8.7.15671577019300003.
2019-08-30 17:35:01.976 +08:00 [WebApplication5] [Debug] SkyApm.Transport.AsyncQueueSegmentDispatcher : Dispatch trace segment. [SegmentId]=8.6.15671577019580008.
2019-08-30 17:35:02.160 +08:00 [WebApplication5] [Debug] SkyApm.Transport.AsyncQueueSegmentDispatcher : Dispatch trace segment. [SegmentId]=8.9.15671577021390003.
2019-08-30 17:35:02.183 +08:00 [WebApplication5] [Debug] SkyApm.Transport.AsyncQueueSegmentDispatcher : Dispatch trace segment. [SegmentId]=8.6.15671577021630009.
2019-08-30 17:35:02.367 +08:00 [WebApplication5] [Debug] SkyApm.Transport.AsyncQueueSegmentDispatcher : Dispatch trace segment. [SegmentId]=8.6.15671577023420010.
2019-08-30 17:35:02.391 +08:00 [WebApplication5] [Debug] SkyApm.Transport.AsyncQueueSegmentDispatcher : Dispatch trace segment. [SegmentId]=8.18.15671577023700001.
2019-08-30 17:35:02.578 +08:00 [WebApplication5] [Debug] SkyApm.Transport.AsyncQueueSegmentDispatcher : Dispatch trace segment. [SegmentId]=8.6.15671577025580011.
2019-08-30 17:35:02.601 +08:00 [WebApplication5] [Debug] SkyApm.Transport.AsyncQueueSegmentDispatcher : Dispatch trace segment. [SegmentId]=8.9.15671577025800004.
2019-08-30 17:35:02.802 +08:00 [WebApplication5] [Debug] SkyApm.Transport.AsyncQueueSegmentDispatcher : Dispatch trace segment. [SegmentId]=8.6.15671577027800012.
2019-08-30 17:35:02.822 +08:00 [WebApplication5] [Debug] SkyApm.Transport.AsyncQueueSegmentDispatcher : Dispatch trace segment. [SegmentId]=8.7.15671577028040004.
2019-08-30 17:35:03.011 +08:00 [WebApplication5] [Debug] SkyApm.Transport.AsyncQueueSegmentDispatcher : Dispatch trace segment. [SegmentId]=8.6.15671577029920013.
2019-08-30 17:35:03.033 +08:00 [WebApplication5] [Debug] SkyApm.Transport.AsyncQueueSegmentDispatcher : Dispatch trace segment. [SegmentId]=8.7.15671577030120005.
2019-08-30 17:35:03.207 +08:00 [WebApplication5] [Debug] SkyApm.Transport.AsyncQueueSegmentDispatcher : Dispatch trace segment. [SegmentId]=8.6.15671577031790014.
2019-08-30 17:35:03.229 +08:00 [WebApplication5] [Debug] SkyApm.Transport.AsyncQueueSegmentDispatcher : Dispatch trace segment. [SegmentId]=8.7.15671577032090006.
2019-08-30 17:35:03.430 +08:00 [WebApplication5] [Debug] SkyApm.Transport.AsyncQueueSegmentDispatcher : Dispatch trace segment. [SegmentId]=8.7.15671577034090007.
2019-08-30 17:35:03.454 +08:00 [WebApplication5] [Debug] SkyApm.Transport.AsyncQueueSegmentDispatcher : Dispatch trace segment. [SegmentId]=8.6.15671577034310015.
2019-08-30 17:35:03.761 +08:00 [WebApplication5] [Debug] SkyApm.Transport.AsyncQueueSegmentDispatcher : Dispatch trace segment. [SegmentId]=8.9.15671577037390005.
2019-08-30 17:35:03.810 +08:00 [WebApplication5] [Debug] SkyApm.Transport.AsyncQueueSegmentDispatcher : Dispatch trace segment. [SegmentId]=8.6.15671577037630016.
2019-08-30 17:35:03.958 +08:00 [WebApplication5] [Debug] SkyApm.Transport.AsyncQueueSegmentDispatcher : Dispatch trace segment. [SegmentId]=8.6.15671577039300017.
2019-08-30 17:35:03.990 +08:00 [WebApplication5] [Information] SkyApm.Transport.Grpc.V6.SegmentReporter : Report 26 trace segment. cost: 00:00:00.0993412s
2019-08-30 17:35:04.010 +08:00 [WebApplication5] [Debug] SkyApm.Transport.AsyncQueueSegmentDispatcher : Dispatch trace segment. [SegmentId]=8.6.15671577039850018.
2019-08-30 17:35:04.171 +08:00 [WebApplication5] [Debug] SkyApm.Transport.AsyncQueueSegmentDispatcher : Dispatch trace segment. [SegmentId]=8.7.15671577041420008.
2019-08-30 17:35:04.232 +08:00 [WebApplication5] [Debug] SkyApm.Transport.AsyncQueueSegmentDispatcher : Dispatch trace segment. [SegmentId]=8.6.15671577042020019.
2019-08-30 17:35:05.622 +08:00 [WebApplication5] [Debug] SkyApm.Transport.AsyncQueueSegmentDispatcher : Dispatch trace segment. [SegmentId]=8.6.15671577055930021.
2019-08-30 17:35:05.860 +08:00 [WebApplication5] [Debug] SkyApm.Transport.AsyncQueueSegmentDispatcher : Dispatch trace segment. [SegmentId]=8.7.15671577058180010.
2019-08-30 17:35:06.086 +08:00 [WebApplication5] [Debug] SkyApm.Transport.AsyncQueueSegmentDispatcher : Dispatch trace segment. [SegmentId]=8.7.15671577060490012.
2019-08-30 17:35:06.296 +08:00 [WebApplication5] [Debug] SkyApm.Transport.AsyncQueueSegmentDispatcher : Dispatch trace segment. [SegmentId]=8.9.15671577062660007.
2019-08-30 17:35:06.509 +08:00 [WebApplication5] [Debug] SkyApm.Transport.AsyncQueueSegmentDispatcher : Dispatch trace segment. [SegmentId]=8.9.15671577064830009.
2019-08-30 17:35:06.698 +08:00 [WebApplication5] [Debug] SkyApm.Transport.AsyncQueueSegmentDispatcher : Dispatch trace segment. [SegmentId]=8.6.15671577066490023.
2019-08-30 17:35:06.866 +08:00 [WebApplication5] [Debug] SkyApm.Transport.AsyncQueueSegmentDispatcher : Dispatch trace segment. [SegmentId]=8.6.15671577068410025.
2019-08-30 17:35:06.890 +08:00 [WebApplication5] [Information] SkyApm.Transport.Grpc.V6.SegmentReporter : Report 11 trace segment. cost: 00:00:00.0204376s
2019-08-30 17:35:07.108 +08:00 [WebApplication5] [Debug] SkyApm.Transport.AsyncQueueSegmentDispatcher : Dispatch trace segment. [SegmentId]=8.10.15671577070650003.
2019-08-30 17:35:07.298 +08:00 [WebApplication5] [Debug] SkyApm.Transport.AsyncQueueSegmentDispatcher : Dispatch trace segment. [SegmentId]=8.10.15671577072740005.
2019-08-30 17:35:09.882 +08:00 [WebApplication5] [Information] SkyApm.Transport.Grpc.V6.SegmentReporter : Report 2 trace segment. cost: 00:00:00.0034203s
2019-08-30 17:35:24.902 +08:00 [WebApplication5] [Information] SkyApm.Service.PingService : Ping server @2019/8/30 9:35:24 +00:00
2019-08-30 17:36:24.890 +08:00 [WebApplication5] [Information] SkyApm.Service.PingService : Ping server @2019/8/30 9:36:24 +00:00
2019-08-30 17:37:24.893 +08:00 [WebApplication5] [Information] SkyApm.Service.PingService : Ping server @2019/8/30 9:37:24 +00:00
2019-08-30 17:38:24.874 +08:00 [WebApplication5] [Information] SkyApm.Service.PingService : Ping server @2019/8/30 9:38:24 +00:00
2019-08-30 17:39:24.888 +08:00 [WebApplication5] [Information] SkyApm.Service.PingService : Ping server @2019/8/30 9:39:24 +00:00
2019-08-30 17:40:24.882 +08:00 [WebApplication5] [Information] SkyApm.Service.PingService : Ping server @2019/8/30 9:40:24 +00:00
2019-08-30 17:41:24.871 +08:00 [WebApplication5] [Information] SkyApm.Service.PingService : Ping server @2019/8/30 9:41:24 +00:00
2019-08-30 17:42:24.881 +08:00 [WebApplication5] [Information] SkyApm.Service.PingService : Ping server @2019/8/30 9:42:24 +00:00
2019-08-30 17:43:24.870 +08:00 [WebApplication5] [Information] SkyApm.Service.PingService : Ping server @2019/8/30 9:43:24 +00:00
2019-08-30 17:44:24.870 +08:00 [WebApplication5] [Information] SkyApm.Service.PingService : Ping server @2019/8/30 9:44:24 +00:00
2019-08-30 17:45:24.885 +08:00 [WebApplication5] [Information] SkyApm.Service.PingService : Ping server @2019/8/30 9:45:24 +00:00
