2019-08-30 17:19:57.651 +08:00 [WebApplication4] [Information] SkyApm.InstrumentStartup : Initializing ...
2019-08-30 17:19:57.809 +08:00 [WebApplication4] [Information] SkyApm.Service.RegisterService : Loaded instrument service [SkyApm.Service.RegisterService].
2019-08-30 17:19:57.810 +08:00 [WebApplication4] [Information] SkyApm.Service.PingService : Loaded instrument service [SkyApm.Service.PingService].
2019-08-30 17:19:57.810 +08:00 [WebApplication4] [Information] SkyApm.Service.ServiceDiscoveryV5Service : Loaded instrument service [SkyApm.Service.ServiceDiscoveryV5Service].
2019-08-30 17:19:57.810 +08:00 [WebApplication4] [Information] SkyApm.Service.SegmentReportService : Loaded instrument service [SkyApm.Service.SegmentReportService].
2019-08-30 17:19:57.811 +08:00 [WebApplication4] [Information] SkyApm.Sampling.SimpleCountSamplingInterceptor : Loaded instrument service [SkyApm.Sampling.SimpleCountSamplingInterceptor].
2019-08-30 17:19:57.811 +08:00 [WebApplication4] [Information] SkyApm.Transport.Grpc.V6.ConnectService : Loaded instrument service [SkyApm.Transport.Grpc.V6.ConnectService].
2019-08-30 17:19:57.895 +08:00 [WebApplication4] [Information] SkyApm.Diagnostics.TracingDiagnosticProcessorObserver : Loaded diagnostic listener [Microsoft.AspNetCore].
2019-08-30 17:19:57.896 +08:00 [WebApplication4] [Information] SkyApm.InstrumentStartup : Started SkyAPM .NET Core Agent.
2019-08-30 17:19:59.204 +08:00 [WebApplication4] [Information] SkyApm.Transport.Grpc.ConnectionManager : Connected server[127.0.0.1:11800].
2019-08-30 17:20:28.789 +08:00 [WebApplication4] [Information] SkyApm.Service.RegisterService : Registered Service[Id=2].
2019-08-30 17:20:29.477 +08:00 [WebApplication4] [Information] SkyApm.Service.RegisterService : Registered ServiceInstance[Id=2].
2019-08-30 17:21:27.836 +08:00 [WebApplication4] [Information] SkyApm.Service.PingService : Ping server @2019/8/30 9:21:27 +00:00
2019-08-30 17:22:27.835 +08:00 [WebApplication4] [Information] SkyApm.Service.PingService : Ping server @2019/8/30 9:22:27 +00:00
2019-08-30 17:23:27.818 +08:00 [WebApplication4] [Information] SkyApm.Service.PingService : Ping server @2019/8/30 9:23:27 +00:00
2019-08-30 17:23:37.546 +08:00 [WebApplication4] [Debug] SkyApm.Transport.AsyncQueueSegmentDispatcher : Dispatch trace segment. [SegmentId]=2.5.15671570174820004.
2019-08-30 17:23:37.743 +08:00 [WebApplication4] [Debug] SkyApm.Transport.AsyncQueueSegmentDispatcher : Dispatch trace segment. [SegmentId]=2.5.15671570177050006.
2019-08-30 17:23:37.954 +08:00 [WebApplication4] [Debug] SkyApm.Transport.AsyncQueueSegmentDispatcher : Dispatch trace segment. [SegmentId]=2.9.15671570179280002.
2019-08-30 17:23:38.201 +08:00 [WebApplication4] [Debug] SkyApm.Transport.AsyncQueueSegmentDispatcher : Dispatch trace segment. [SegmentId]=2.9.15671570181680004.
2019-08-30 17:23:38.404 +08:00 [WebApplication4] [Debug] SkyApm.Transport.AsyncQueueSegmentDispatcher : Dispatch trace segment. [SegmentId]=2.5.15671570183760008.
2019-08-30 17:23:38.631 +08:00 [WebApplication4] [Debug] SkyApm.Transport.AsyncQueueSegmentDispatcher : Dispatch trace segment. [SegmentId]=2.9.15671570185860006.
2019-08-30 17:23:38.863 +08:00 [WebApplication4] [Debug] SkyApm.Transport.AsyncQueueSegmentDispatcher : Dispatch trace segment. [SegmentId]=2.26.15671570188270002.
2019-08-30 17:23:39.084 +08:00 [WebApplication4] [Debug] SkyApm.Transport.AsyncQueueSegmentDispatcher : Dispatch trace segment. [SegmentId]=2.26.15671570190560004.
2019-08-30 17:23:39.282 +08:00 [WebApplication4] [Debug] SkyApm.Transport.AsyncQueueSegmentDispatcher : Dispatch trace segment. [SegmentId]=2.5.15671570192560010.
2019-08-30 17:23:39.495 +08:00 [WebApplication4] [Debug] SkyApm.Transport.AsyncQueueSegmentDispatcher : Dispatch trace segment. [SegmentId]=2.9.15671570194640008.
2019-08-30 17:23:39.747 +08:00 [WebApplication4] [Debug] SkyApm.Transport.AsyncQueueSegmentDispatcher : Dispatch trace segment. [SegmentId]=2.5.15671570197200012.
2019-08-30 17:23:39.946 +08:00 [WebApplication4] [Information] SkyApm.Transport.Grpc.V6.SegmentReporter : Report 11 trace segment. cost: 00:00:00.0892447s
2019-08-30 17:23:40.670 +08:00 [WebApplication4] [Debug] SkyApm.Transport.AsyncQueueSegmentDispatcher : Dispatch trace segment. [SegmentId]=2.20.15671570206350002.
2019-08-30 17:23:40.922 +08:00 [WebApplication4] [Debug] SkyApm.Transport.AsyncQueueSegmentDispatcher : Dispatch trace segment. [SegmentId]=2.27.15671570208970002.
2019-08-30 17:23:41.113 +08:00 [WebApplication4] [Debug] SkyApm.Transport.AsyncQueueSegmentDispatcher : Dispatch trace segment. [SegmentId]=2.20.15671570210720004.
2019-08-30 17:23:41.535 +08:00 [WebApplication4] [Debug] SkyApm.Transport.AsyncQueueSegmentDispatcher : Dispatch trace segment. [SegmentId]=2.28.15671570215060002.
2019-08-30 17:23:41.820 +08:00 [WebApplication4] [Debug] SkyApm.Transport.AsyncQueueSegmentDispatcher : Dispatch trace segment. [SegmentId]=2.5.15671570217930014.
2019-08-30 17:23:42.053 +08:00 [WebApplication4] [Debug] SkyApm.Transport.AsyncQueueSegmentDispatcher : Dispatch trace segment. [SegmentId]=2.20.15671570220250006.
2019-08-30 17:23:42.231 +08:00 [WebApplication4] [Debug] SkyApm.Transport.AsyncQueueSegmentDispatcher : Dispatch trace segment. [SegmentId]=2.5.15671570222010016.
2019-08-30 17:23:42.444 +08:00 [WebApplication4] [Debug] SkyApm.Transport.AsyncQueueSegmentDispatcher : Dispatch trace segment. [SegmentId]=2.27.15671570224170004.
2019-08-30 17:23:42.648 +08:00 [WebApplication4] [Debug] SkyApm.Transport.AsyncQueueSegmentDispatcher : Dispatch trace segment. [SegmentId]=2.28.15671570226100004.
2019-08-30 17:23:42.819 +08:00 [WebApplication4] [Information] SkyApm.Transport.Grpc.V6.SegmentReporter : Report 9 trace segment. cost: 00:00:00.0067854s
2019-08-30 17:23:42.850 +08:00 [WebApplication4] [Debug] SkyApm.Transport.AsyncQueueSegmentDispatcher : Dispatch trace segment. [SegmentId]=2.28.15671570228250006.
2019-08-30 17:23:43.002 +08:00 [WebApplication4] [Debug] SkyApm.Transport.AsyncQueueSegmentDispatcher : Dispatch trace segment. [SegmentId]=2.5.15671570229770018.
2019-08-30 17:23:43.245 +08:00 [WebApplication4] [Debug] SkyApm.Transport.AsyncQueueSegmentDispatcher : Dispatch trace segment. [SegmentId]=2.20.15671570232170008.
2019-08-30 17:23:43.436 +08:00 [WebApplication4] [Debug] SkyApm.Transport.AsyncQueueSegmentDispatcher : Dispatch trace segment. [SegmentId]=2.5.15671570234020020.
2019-08-30 17:23:43.669 +08:00 [WebApplication4] [Debug] SkyApm.Transport.AsyncQueueSegmentDispatcher : Dispatch trace segment. [SegmentId]=2.20.15671570236290010.
2019-08-30 17:23:43.823 +08:00 [WebApplication4] [Debug] SkyApm.Transport.AsyncQueueSegmentDispatcher : Dispatch trace segment. [SegmentId]=2.27.15671570237670006.
2019-08-30 17:23:44.120 +08:00 [WebApplication4] [Debug] SkyApm.Transport.AsyncQueueSegmentDispatcher : Dispatch trace segment. [SegmentId]=2.27.15671570240640008.
2019-08-30 17:23:44.371 +08:00 [WebApplication4] [Debug] SkyApm.Transport.AsyncQueueSegmentDispatcher : Dispatch trace segment. [SegmentId]=2.28.15671570243030008.
2019-08-30 17:23:44.573 +08:00 [WebApplication4] [Debug] SkyApm.Transport.AsyncQueueSegmentDispatcher : Dispatch trace segment. [SegmentId]=2.5.15671570245110022.
2019-08-30 17:23:44.736 +08:00 [WebApplication4] [Debug] SkyApm.Transport.AsyncQueueSegmentDispatcher : Dispatch trace segment. [SegmentId]=2.27.15671570247060010.
2019-08-30 17:23:44.955 +08:00 [WebApplication4] [Debug] SkyApm.Transport.AsyncQueueSegmentDispatcher : Dispatch trace segment. [SegmentId]=2.27.15671570248960012.
2019-08-30 17:23:45.143 +08:00 [WebApplication4] [Debug] SkyApm.Transport.AsyncQueueSegmentDispatcher : Dispatch trace segment. [SegmentId]=2.27.15671570250810014.
2019-08-30 17:23:45.322 +08:00 [WebApplication4] [Debug] SkyApm.Transport.AsyncQueueSegmentDispatcher : Dispatch trace segment. [SegmentId]=2.27.15671570252830016.
2019-08-30 17:23:45.534 +08:00 [WebApplication4] [Debug] SkyApm.Transport.AsyncQueueSegmentDispatcher : Dispatch trace segment. [SegmentId]=2.5.15671570254890024.
2019-08-30 17:23:45.738 +08:00 [WebApplication4] [Debug] SkyApm.Transport.AsyncQueueSegmentDispatcher : Dispatch trace segment. [SegmentId]=2.20.15671570257010012.
2019-08-30 17:23:45.834 +08:00 [WebApplication4] [Information] SkyApm.Transport.Grpc.V6.SegmentReporter : Report 15 trace segment. cost: 00:00:00.0218363s
2019-08-30 17:23:45.922 +08:00 [WebApplication4] [Debug] SkyApm.Transport.AsyncQueueSegmentDispatcher : Dispatch trace segment. [SegmentId]=2.26.15671570258970006.
2019-08-30 17:23:46.155 +08:00 [WebApplication4] [Debug] SkyApm.Transport.AsyncQueueSegmentDispatcher : Dispatch trace segment. [SegmentId]=2.5.15671570260860026.
2019-08-30 17:23:46.309 +08:00 [WebApplication4] [Debug] SkyApm.Transport.AsyncQueueSegmentDispatcher : Dispatch trace segment. [SegmentId]=2.5.15671570262620028.
2019-08-30 17:23:46.503 +08:00 [WebApplication4] [Debug] SkyApm.Transport.AsyncQueueSegmentDispatcher : Dispatch trace segment. [SegmentId]=2.20.15671570264580014.
2019-08-30 17:23:46.677 +08:00 [WebApplication4] [Debug] SkyApm.Transport.AsyncQueueSegmentDispatcher : Dispatch trace segment. [SegmentId]=2.20.15671570266330016.
2019-08-30 17:23:46.907 +08:00 [WebApplication4] [Debug] SkyApm.Transport.AsyncQueueSegmentDispatcher : Dispatch trace segment. [SegmentId]=2.5.15671570268390030.
2019-08-30 17:23:47.113 +08:00 [WebApplication4] [Debug] SkyApm.Transport.AsyncQueueSegmentDispatcher : Dispatch trace segment. [SegmentId]=2.27.15671570270740018.
2019-08-30 17:23:47.335 +08:00 [WebApplication4] [Debug] SkyApm.Transport.AsyncQueueSegmentDispatcher : Dispatch trace segment. [SegmentId]=2.26.15671570273060008.
2019-08-30 17:23:47.679 +08:00 [WebApplication4] [Debug] SkyApm.Transport.AsyncQueueSegmentDispatcher : Dispatch trace segment. [SegmentId]=2.24.15671570276430002.
2019-08-30 17:23:47.886 +08:00 [WebApplication4] [Debug] SkyApm.Transport.AsyncQueueSegmentDispatcher : Dispatch trace segment. [SegmentId]=2.5.15671570278580032.
2019-08-30 17:23:48.074 +08:00 [WebApplication4] [Debug] SkyApm.Transport.AsyncQueueSegmentDispatcher : Dispatch trace segment. [SegmentId]=2.9.15671570280410010.
2019-08-30 17:23:48.261 +08:00 [WebApplication4] [Debug] SkyApm.Transport.AsyncQueueSegmentDispatcher : Dispatch trace segment. [SegmentId]=2.5.15671570282330034.
2019-08-30 17:23:48.458 +08:00 [WebApplication4] [Debug] SkyApm.Transport.AsyncQueueSegmentDispatcher : Dispatch trace segment. [SegmentId]=2.9.15671570284340012.
2019-08-30 17:23:48.665 +08:00 [WebApplication4] [Debug] SkyApm.Transport.AsyncQueueSegmentDispatcher : Dispatch trace segment. [SegmentId]=2.5.15671570286260036.
2019-08-30 17:23:48.823 +08:00 [WebApplication4] [Information] SkyApm.Transport.Grpc.V6.SegmentReporter : Report 14 trace segment. cost: 00:00:00.0120537s
2019-08-30 17:23:48.857 +08:00 [WebApplication4] [Debug] SkyApm.Transport.AsyncQueueSegmentDispatcher : Dispatch trace segment. [SegmentId]=2.5.15671570288260038.
2019-08-30 17:23:51.814 +08:00 [WebApplication4] [Information] SkyApm.Transport.Grpc.V6.SegmentReporter : Report 1 trace segment. cost: 00:00:00.0044212s
2019-08-30 17:24:27.820 +08:00 [WebApplication4] [Information] SkyApm.Service.PingService : Ping server @2019/8/30 9:24:27 +00:00
2019-08-30 17:34:03.585 +08:00 [WebApplication4] [Information] SkyApm.InstrumentStartup : Initializing ...
2019-08-30 17:34:03.644 +08:00 [WebApplication4] [Information] SkyApm.Service.RegisterService : Loaded instrument service [SkyApm.Service.RegisterService].
2019-08-30 17:34:03.644 +08:00 [WebApplication4] [Information] SkyApm.Service.PingService : Loaded instrument service [SkyApm.Service.PingService].
2019-08-30 17:34:03.644 +08:00 [WebApplication4] [Information] SkyApm.Service.ServiceDiscoveryV5Service : Loaded instrument service [SkyApm.Service.ServiceDiscoveryV5Service].
2019-08-30 17:34:03.644 +08:00 [WebApplication4] [Information] SkyApm.Service.SegmentReportService : Loaded instrument service [SkyApm.Service.SegmentReportService].
2019-08-30 17:34:03.645 +08:00 [WebApplication4] [Information] SkyApm.Sampling.SimpleCountSamplingInterceptor : Loaded instrument service [SkyApm.Sampling.SimpleCountSamplingInterceptor].
2019-08-30 17:34:03.645 +08:00 [WebApplication4] [Information] SkyApm.Transport.Grpc.V6.ConnectService : Loaded instrument service [SkyApm.Transport.Grpc.V6.ConnectService].
2019-08-30 17:34:03.693 +08:00 [WebApplication4] [Information] SkyApm.Diagnostics.TracingDiagnosticProcessorObserver : Loaded diagnostic listener [Microsoft.AspNetCore].
2019-08-30 17:34:03.694 +08:00 [WebApplication4] [Information] SkyApm.InstrumentStartup : Started SkyAPM .NET Core Agent.
2019-08-30 17:34:04.445 +08:00 [WebApplication4] [Information] SkyApm.Transport.Grpc.ConnectionManager : Connected server[127.0.0.1:11800].
2019-08-30 17:34:04.865 +08:00 [WebApplication4] [Information] SkyApm.Service.RegisterService : Registered Service[Id=2].
2019-08-30 17:34:04.922 +08:00 [WebApplication4] [Information] SkyApm.Diagnostics.TracingDiagnosticProcessorObserver : Loaded diagnostic listener [HttpHandlerDiagnosticListener].
2019-08-30 17:34:05.520 +08:00 [WebApplication4] [Information] SkyApm.Service.RegisterService : Registered ServiceInstance[Id=4].
2019-08-30 17:34:05.616 +08:00 [WebApplication4] [Debug] SkyApm.Transport.AsyncQueueSegmentDispatcher : Dispatch trace segment. [SegmentId]=0.9.15671576449640003.
2019-08-30 17:34:06.038 +08:00 [WebApplication4] [Debug] SkyApm.Transport.AsyncQueueSegmentDispatcher : Dispatch trace segment. [SegmentId]=0.9.15671576445560002.
2019-08-30 17:34:06.708 +08:00 [WebApplication4] [Information] SkyApm.Transport.Grpc.V6.SegmentReporter : Report 2 trace segment. cost: 00:00:00.0547989s
2019-08-30 17:34:14.728 +08:00 [WebApplication4] [Debug] SkyApm.Transport.AsyncQueueSegmentDispatcher : Dispatch trace segment. [SegmentId]=4.9.15671576546610006.
2019-08-30 17:34:14.923 +08:00 [WebApplication4] [Debug] SkyApm.Transport.AsyncQueueSegmentDispatcher : Dispatch trace segment. [SegmentId]=4.9.15671576546430005.
2019-08-30 17:34:15.650 +08:00 [WebApplication4] [Information] SkyApm.Transport.Grpc.V6.SegmentReporter : Report 2 trace segment. cost: 00:00:00.0042416s
2019-08-30 17:34:53.805 +08:00 [WebApplication4] [Information] SkyApm.InstrumentStartup : Initializing ...
2019-08-30 17:34:53.837 +08:00 [WebApplication4] [Information] SkyApm.Service.RegisterService : Loaded instrument service [SkyApm.Service.RegisterService].
2019-08-30 17:34:53.837 +08:00 [WebApplication4] [Information] SkyApm.Service.PingService : Loaded instrument service [SkyApm.Service.PingService].
2019-08-30 17:34:53.837 +08:00 [WebApplication4] [Information] SkyApm.Service.ServiceDiscoveryV5Service : Loaded instrument service [SkyApm.Service.ServiceDiscoveryV5Service].
2019-08-30 17:34:53.838 +08:00 [WebApplication4] [Information] SkyApm.Service.SegmentReportService : Loaded instrument service [SkyApm.Service.SegmentReportService].
2019-08-30 17:34:53.838 +08:00 [WebApplication4] [Information] SkyApm.Sampling.SimpleCountSamplingInterceptor : Loaded instrument service [SkyApm.Sampling.SimpleCountSamplingInterceptor].
2019-08-30 17:34:53.838 +08:00 [WebApplication4] [Information] SkyApm.Transport.Grpc.V6.ConnectService : Loaded instrument service [SkyApm.Transport.Grpc.V6.ConnectService].
2019-08-30 17:34:53.853 +08:00 [WebApplication4] [Information] SkyApm.Diagnostics.TracingDiagnosticProcessorObserver : Loaded diagnostic listener [Microsoft.AspNetCore].
2019-08-30 17:34:53.854 +08:00 [WebApplication4] [Information] SkyApm.InstrumentStartup : Started SkyAPM .NET Core Agent.
2019-08-30 17:34:54.030 +08:00 [WebApplication4] [Information] SkyApm.Transport.Grpc.ConnectionManager : Connected server[127.0.0.1:11800].
2019-08-30 17:34:54.651 +08:00 [WebApplication4] [Information] SkyApm.Service.RegisterService : Registered Service[Id=2].
2019-08-30 17:34:55.049 +08:00 [WebApplication4] [Information] SkyApm.Diagnostics.TracingDiagnosticProcessorObserver : Loaded diagnostic listener [HttpHandlerDiagnosticListener].
2019-08-30 17:34:55.285 +08:00 [WebApplication4] [Information] SkyApm.Service.RegisterService : Registered ServiceInstance[Id=7].
2019-08-30 17:34:55.372 +08:00 [WebApplication4] [Debug] SkyApm.Transport.AsyncQueueSegmentDispatcher : Dispatch trace segment. [SegmentId]=0.19.15671576950530003.
2019-08-30 17:34:55.425 +08:00 [WebApplication4] [Debug] SkyApm.Transport.AsyncQueueSegmentDispatcher : Dispatch trace segment. [SegmentId]=7.4.15671576953970001.
2019-08-30 17:34:55.628 +08:00 [WebApplication4] [Debug] SkyApm.Transport.AsyncQueueSegmentDispatcher : Dispatch trace segment. [SegmentId]=0.19.15671576948320002.
2019-08-30 17:34:56.899 +08:00 [WebApplication4] [Information] SkyApm.Transport.Grpc.V6.SegmentReporter : Report 3 trace segment. cost: 00:00:00.0425848s
2019-08-30 17:35:01.105 +08:00 [WebApplication4] [Debug] SkyApm.Transport.AsyncQueueSegmentDispatcher : Dispatch trace segment. [SegmentId]=7.19.15671577010780006.
2019-08-30 17:35:01.135 +08:00 [WebApplication4] [Debug] SkyApm.Transport.AsyncQueueSegmentDispatcher : Dispatch trace segment. [SegmentId]=7.17.15671577011180001.
2019-08-30 17:35:01.160 +08:00 [WebApplication4] [Debug] SkyApm.Transport.AsyncQueueSegmentDispatcher : Dispatch trace segment. [SegmentId]=7.19.15671577010680005.
2019-08-30 17:35:01.334 +08:00 [WebApplication4] [Debug] SkyApm.Transport.AsyncQueueSegmentDispatcher : Dispatch trace segment. [SegmentId]=7.9.15671577013050003.
2019-08-30 17:35:01.355 +08:00 [WebApplication4] [Debug] SkyApm.Transport.AsyncQueueSegmentDispatcher : Dispatch trace segment. [SegmentId]=7.5.15671577013400001.
2019-08-30 17:35:01.384 +08:00 [WebApplication4] [Debug] SkyApm.Transport.AsyncQueueSegmentDispatcher : Dispatch trace segment. [SegmentId]=7.9.15671577012890002.
2019-08-30 17:35:01.550 +08:00 [WebApplication4] [Debug] SkyApm.Transport.AsyncQueueSegmentDispatcher : Dispatch trace segment. [SegmentId]=7.9.15671577015230006.
2019-08-30 17:35:01.571 +08:00 [WebApplication4] [Debug] SkyApm.Transport.AsyncQueueSegmentDispatcher : Dispatch trace segment. [SegmentId]=7.18.15671577015560001.
2019-08-30 17:35:01.594 +08:00 [WebApplication4] [Debug] SkyApm.Transport.AsyncQueueSegmentDispatcher : Dispatch trace segment. [SegmentId]=7.9.15671577015130005.
2019-08-30 17:35:01.736 +08:00 [WebApplication4] [Debug] SkyApm.Transport.AsyncQueueSegmentDispatcher : Dispatch trace segment. [SegmentId]=7.12.15671577017120003.
2019-08-30 17:35:01.756 +08:00 [WebApplication4] [Debug] SkyApm.Transport.AsyncQueueSegmentDispatcher : Dispatch trace segment. [SegmentId]=7.17.15671577017410002.
2019-08-30 17:35:01.778 +08:00 [WebApplication4] [Debug] SkyApm.Transport.AsyncQueueSegmentDispatcher : Dispatch trace segment. [SegmentId]=7.12.15671577016980002.
2019-08-30 17:35:01.947 +08:00 [WebApplication4] [Debug] SkyApm.Transport.AsyncQueueSegmentDispatcher : Dispatch trace segment. [SegmentId]=7.12.15671577019240006.
2019-08-30 17:35:01.972 +08:00 [WebApplication4] [Debug] SkyApm.Transport.AsyncQueueSegmentDispatcher : Dispatch trace segment. [SegmentId]=7.5.15671577019570002.
2019-08-30 17:35:01.994 +08:00 [WebApplication4] [Debug] SkyApm.Transport.AsyncQueueSegmentDispatcher : Dispatch trace segment. [SegmentId]=7.12.15671577019130005.
2019-08-30 17:35:02.155 +08:00 [WebApplication4] [Debug] SkyApm.Transport.AsyncQueueSegmentDispatcher : Dispatch trace segment. [SegmentId]=7.11.15671577021300003.
2019-08-30 17:35:02.178 +08:00 [WebApplication4] [Debug] SkyApm.Transport.AsyncQueueSegmentDispatcher : Dispatch trace segment. [SegmentId]=7.17.15671577021610003.
2019-08-30 17:35:02.226 +08:00 [WebApplication4] [Debug] SkyApm.Transport.AsyncQueueSegmentDispatcher : Dispatch trace segment. [SegmentId]=7.11.15671577021210002.
2019-08-30 17:35:02.359 +08:00 [WebApplication4] [Debug] SkyApm.Transport.AsyncQueueSegmentDispatcher : Dispatch trace segment. [SegmentId]=7.12.15671577023370009.
2019-08-30 17:35:02.386 +08:00 [WebApplication4] [Debug] SkyApm.Transport.AsyncQueueSegmentDispatcher : Dispatch trace segment. [SegmentId]=7.17.15671577023690004.
2019-08-30 17:35:02.412 +08:00 [WebApplication4] [Debug] SkyApm.Transport.AsyncQueueSegmentDispatcher : Dispatch trace segment. [SegmentId]=7.12.15671577023210008.
2019-08-30 17:35:02.574 +08:00 [WebApplication4] [Debug] SkyApm.Transport.AsyncQueueSegmentDispatcher : Dispatch trace segment. [SegmentId]=7.12.15671577025540012.
2019-08-30 17:35:02.596 +08:00 [WebApplication4] [Debug] SkyApm.Transport.AsyncQueueSegmentDispatcher : Dispatch trace segment. [SegmentId]=7.5.15671577025790003.
2019-08-30 17:35:02.621 +08:00 [WebApplication4] [Debug] SkyApm.Transport.AsyncQueueSegmentDispatcher : Dispatch trace segment. [SegmentId]=7.12.15671577025440011.
2019-08-30 17:35:02.795 +08:00 [WebApplication4] [Debug] SkyApm.Transport.AsyncQueueSegmentDispatcher : Dispatch trace segment. [SegmentId]=7.12.15671577027690015.
2019-08-30 17:35:02.817 +08:00 [WebApplication4] [Debug] SkyApm.Transport.AsyncQueueSegmentDispatcher : Dispatch trace segment. [SegmentId]=7.5.15671577028030004.
2019-08-30 17:35:02.841 +08:00 [WebApplication4] [Debug] SkyApm.Transport.AsyncQueueSegmentDispatcher : Dispatch trace segment. [SegmentId]=7.12.15671577027530014.
2019-08-30 17:35:02.886 +08:00 [WebApplication4] [Information] SkyApm.Transport.Grpc.V6.SegmentReporter : Report 27 trace segment. cost: 00:00:00.0329253s
2019-08-30 17:35:03.007 +08:00 [WebApplication4] [Debug] SkyApm.Transport.AsyncQueueSegmentDispatcher : Dispatch trace segment. [SegmentId]=7.11.15671577029870006.
2019-08-30 17:35:03.028 +08:00 [WebApplication4] [Debug] SkyApm.Transport.AsyncQueueSegmentDispatcher : Dispatch trace segment. [SegmentId]=7.4.15671577030120002.
2019-08-30 17:35:03.050 +08:00 [WebApplication4] [Debug] SkyApm.Transport.AsyncQueueSegmentDispatcher : Dispatch trace segment. [SegmentId]=7.11.15671577029770005.
2019-08-30 17:35:03.201 +08:00 [WebApplication4] [Debug] SkyApm.Transport.AsyncQueueSegmentDispatcher : Dispatch trace segment. [SegmentId]=7.9.15671577031740009.
2019-08-30 17:35:03.223 +08:00 [WebApplication4] [Debug] SkyApm.Transport.AsyncQueueSegmentDispatcher : Dispatch trace segment. [SegmentId]=7.5.15671577032080005.
2019-08-30 17:35:03.281 +08:00 [WebApplication4] [Debug] SkyApm.Transport.AsyncQueueSegmentDispatcher : Dispatch trace segment. [SegmentId]=7.9.15671577031610008.
2019-08-30 17:35:03.425 +08:00 [WebApplication4] [Debug] SkyApm.Transport.AsyncQueueSegmentDispatcher : Dispatch trace segment. [SegmentId]=7.9.15671577034030012.
2019-08-30 17:35:03.449 +08:00 [WebApplication4] [Debug] SkyApm.Transport.AsyncQueueSegmentDispatcher : Dispatch trace segment. [SegmentId]=7.4.15671577034300003.
2019-08-30 17:35:03.472 +08:00 [WebApplication4] [Debug] SkyApm.Transport.AsyncQueueSegmentDispatcher : Dispatch trace segment. [SegmentId]=7.9.15671577033930011.
2019-08-30 17:35:03.755 +08:00 [WebApplication4] [Debug] SkyApm.Transport.AsyncQueueSegmentDispatcher : Dispatch trace segment. [SegmentId]=7.11.15671577037340009.
2019-08-30 17:35:03.801 +08:00 [WebApplication4] [Debug] SkyApm.Transport.AsyncQueueSegmentDispatcher : Dispatch trace segment. [SegmentId]=7.17.15671577037620005.
2019-08-30 17:35:03.854 +08:00 [WebApplication4] [Debug] SkyApm.Transport.AsyncQueueSegmentDispatcher : Dispatch trace segment. [SegmentId]=7.11.15671577037210008.
2019-08-30 17:35:03.952 +08:00 [WebApplication4] [Debug] SkyApm.Transport.AsyncQueueSegmentDispatcher : Dispatch trace segment. [SegmentId]=7.8.15671577039250003.
2019-08-30 17:35:04.005 +08:00 [WebApplication4] [Debug] SkyApm.Transport.AsyncQueueSegmentDispatcher : Dispatch trace segment. [SegmentId]=7.18.15671577039600002.
2019-08-30 17:35:04.040 +08:00 [WebApplication4] [Debug] SkyApm.Transport.AsyncQueueSegmentDispatcher : Dispatch trace segment. [SegmentId]=7.8.15671577039030002.
2019-08-30 17:35:04.162 +08:00 [WebApplication4] [Debug] SkyApm.Transport.AsyncQueueSegmentDispatcher : Dispatch trace segment. [SegmentId]=7.8.15671577041350006.
2019-08-30 17:35:04.224 +08:00 [WebApplication4] [Debug] SkyApm.Transport.AsyncQueueSegmentDispatcher : Dispatch trace segment. [SegmentId]=7.18.15671577041970003.
2019-08-30 17:35:04.290 +08:00 [WebApplication4] [Debug] SkyApm.Transport.AsyncQueueSegmentDispatcher : Dispatch trace segment. [SegmentId]=7.8.15671577041220005.
2019-08-30 17:35:05.877 +08:00 [WebApplication4] [Information] SkyApm.Transport.Grpc.V6.SegmentReporter : Report 18 trace segment. cost: 00:00:00.0243800s
2019-08-30 17:35:23.886 +08:00 [WebApplication4] [Information] SkyApm.Service.PingService : Ping server @2019/8/30 9:35:23 +00:00
2019-08-30 17:36:23.859 +08:00 [WebApplication4] [Information] SkyApm.Service.PingService : Ping server @2019/8/30 9:36:23 +00:00
2019-08-30 17:37:23.863 +08:00 [WebApplication4] [Information] SkyApm.Service.PingService : Ping server @2019/8/30 9:37:23 +00:00
2019-08-30 17:38:23.861 +08:00 [WebApplication4] [Information] SkyApm.Service.PingService : Ping server @2019/8/30 9:38:23 +00:00
2019-08-30 17:39:23.861 +08:00 [WebApplication4] [Information] SkyApm.Service.PingService : Ping server @2019/8/30 9:39:23 +00:00
2019-08-30 17:40:23.851 +08:00 [WebApplication4] [Information] SkyApm.Service.PingService : Ping server @2019/8/30 9:40:23 +00:00
2019-08-30 17:41:23.861 +08:00 [WebApplication4] [Information] SkyApm.Service.PingService : Ping server @2019/8/30 9:41:23 +00:00
2019-08-30 17:42:23.870 +08:00 [WebApplication4] [Information] SkyApm.Service.PingService : Ping server @2019/8/30 9:42:23 +00:00
2019-08-30 17:43:23.852 +08:00 [WebApplication4] [Information] SkyApm.Service.PingService : Ping server @2019/8/30 9:43:23 +00:00
2019-08-30 17:44:23.871 +08:00 [WebApplication4] [Information] SkyApm.Service.PingService : Ping server @2019/8/30 9:44:23 +00:00
2019-08-30 17:45:23.888 +08:00 [WebApplication4] [Information] SkyApm.Service.PingService : Ping server @2019/8/30 9:45:23 +00:00
2019-08-30 17:46:11.679 +08:00 [WebApplication4] [Information] SkyApm.InstrumentStartup : Initializing ...
2019-08-30 17:46:11.710 +08:00 [WebApplication4] [Information] SkyApm.Service.RegisterService : Loaded instrument service [SkyApm.Service.RegisterService].
2019-08-30 17:46:11.711 +08:00 [WebApplication4] [Information] SkyApm.Service.PingService : Loaded instrument service [SkyApm.Service.PingService].
2019-08-30 17:46:11.711 +08:00 [WebApplication4] [Information] SkyApm.Service.ServiceDiscoveryV5Service : Loaded instrument service [SkyApm.Service.ServiceDiscoveryV5Service].
2019-08-30 17:46:11.711 +08:00 [WebApplication4] [Information] SkyApm.Service.SegmentReportService : Loaded instrument service [SkyApm.Service.SegmentReportService].
2019-08-30 17:46:11.711 +08:00 [WebApplication4] [Information] SkyApm.Sampling.SimpleCountSamplingInterceptor : Loaded instrument service [SkyApm.Sampling.SimpleCountSamplingInterceptor].
2019-08-30 17:46:11.711 +08:00 [WebApplication4] [Information] SkyApm.Transport.Grpc.V6.ConnectService : Loaded instrument service [SkyApm.Transport.Grpc.V6.ConnectService].
2019-08-30 17:46:11.727 +08:00 [WebApplication4] [Information] SkyApm.Diagnostics.TracingDiagnosticProcessorObserver : Loaded diagnostic listener [Microsoft.AspNetCore].
2019-08-30 17:46:11.728 +08:00 [WebApplication4] [Information] SkyApm.InstrumentStartup : Started SkyAPM .NET Core Agent.
2019-08-30 17:46:11.882 +08:00 [WebApplication4] [Information] SkyApm.Transport.Grpc.ConnectionManager : Connected server[127.0.0.1:11800].
2019-08-30 17:46:12.428 +08:00 [WebApplication4] [Information] SkyApm.Service.RegisterService : Registered Service[Id=2].
2019-08-30 17:46:12.700 +08:00 [WebApplication4] [Information] SkyApm.Diagnostics.TracingDiagnosticProcessorObserver : Loaded diagnostic listener [HttpHandlerDiagnosticListener].
2019-08-30 17:46:13.051 +08:00 [WebApplication4] [Information] SkyApm.Service.RegisterService : Registered ServiceInstance[Id=10].
2019-08-30 17:46:14.846 +08:00 [WebApplication4] [Debug] SkyApm.Transport.AsyncQueueSegmentDispatcher : Dispatch trace segment. [SegmentId]=0.9.15671583727050003.
2019-08-30 17:46:15.003 +08:00 [WebApplication4] [Debug] SkyApm.Transport.AsyncQueueSegmentDispatcher : Dispatch trace segment. [SegmentId]=0.9.15671583725570002.
2019-08-30 17:46:17.771 +08:00 [WebApplication4] [Information] SkyApm.Transport.Grpc.V6.SegmentReporter : Report 2 trace segment. cost: 00:00:00.0417709s
2019-08-30 17:46:35.494 +08:00 [WebApplication4] [Debug] SkyApm.Transport.AsyncQueueSegmentDispatcher : Dispatch trace segment. [SegmentId]=10.7.15671583954210002.
2019-08-30 17:46:35.727 +08:00 [WebApplication4] [Information] SkyApm.Transport.Grpc.V6.SegmentReporter : Report 1 trace segment. cost: 00:00:00.0028383s
2019-08-30 17:46:41.726 +08:00 [WebApplication4] [Information] SkyApm.Service.PingService : Ping server @2019/8/30 9:46:41 +00:00
2019-08-30 17:47:41.729 +08:00 [WebApplication4] [Information] SkyApm.Service.PingService : Ping server @2019/8/30 9:47:41 +00:00
2019-08-30 17:48:41.762 +08:00 [WebApplication4] [Information] SkyApm.Service.PingService : Ping server @2019/8/30 9:48:41 +00:00
2019-08-30 17:49:41.731 +08:00 [WebApplication4] [Information] SkyApm.Service.PingService : Ping server @2019/8/30 9:49:41 +00:00
2019-08-30 17:50:41.735 +08:00 [WebApplication4] [Information] SkyApm.Service.PingService : Ping server @2019/8/30 9:50:41 +00:00
2019-08-30 17:51:41.741 +08:00 [WebApplication4] [Information] SkyApm.Service.PingService : Ping server @2019/8/30 9:51:41 +00:00
2019-08-30 17:52:41.729 +08:00 [WebApplication4] [Information] SkyApm.Service.PingService : Ping server @2019/8/30 9:52:41 +00:00
2019-08-30 17:53:41.743 +08:00 [WebApplication4] [Information] SkyApm.Service.PingService : Ping server @2019/8/30 9:53:41 +00:00
2019-08-30 17:54:41.754 +08:00 [WebApplication4] [Information] SkyApm.Service.PingService : Ping server @2019/8/30 9:54:41 +00:00
2019-08-30 17:55:41.727 +08:00 [WebApplication4] [Information] SkyApm.Service.PingService : Ping server @2019/8/30 9:55:41 +00:00
2019-08-30 17:56:41.743 +08:00 [WebApplication4] [Information] SkyApm.Service.PingService : Ping server @2019/8/30 9:56:41 +00:00
2019-08-30 17:57:41.735 +08:00 [WebApplication4] [Information] SkyApm.Service.PingService : Ping server @2019/8/30 9:57:41 +00:00
2019-08-30 17:58:41.737 +08:00 [WebApplication4] [Information] SkyApm.Service.PingService : Ping server @2019/8/30 9:58:41 +00:00
2019-08-30 17:59:41.729 +08:00 [WebApplication4] [Information] SkyApm.Service.PingService : Ping server @2019/8/30 9:59:41 +00:00
2019-08-30 18:00:41.744 +08:00 [WebApplication4] [Information] SkyApm.Service.PingService : Ping server @2019/8/30 10:00:41 +00:00
2019-08-30 18:01:41.737 +08:00 [WebApplication4] [Information] SkyApm.Service.PingService : Ping server @2019/8/30 10:01:41 +00:00
2019-08-30 18:02:41.746 +08:00 [WebApplication4] [Information] SkyApm.Service.PingService : Ping server @2019/8/30 10:02:41 +00:00
2019-08-30 18:03:41.739 +08:00 [WebApplication4] [Information] SkyApm.Service.PingService : Ping server @2019/8/30 10:03:41 +00:00
2019-08-30 18:04:41.737 +08:00 [WebApplication4] [Information] SkyApm.Service.PingService : Ping server @2019/8/30 10:04:41 +00:00
2019-08-30 18:05:41.740 +08:00 [WebApplication4] [Information] SkyApm.Service.PingService : Ping server @2019/8/30 10:05:41 +00:00
2019-08-30 18:06:41.740 +08:00 [WebApplication4] [Information] SkyApm.Service.PingService : Ping server @2019/8/30 10:06:41 +00:00
2019-08-30 18:07:41.740 +08:00 [WebApplication4] [Information] SkyApm.Service.PingService : Ping server @2019/8/30 10:07:41 +00:00
2019-08-30 18:08:41.745 +08:00 [WebApplication4] [Information] SkyApm.Service.PingService : Ping server @2019/8/30 10:08:41 +00:00
2019-08-30 18:09:41.744 +08:00 [WebApplication4] [Information] SkyApm.Service.PingService : Ping server @2019/8/30 10:09:41 +00:00
2019-08-30 18:10:41.730 +08:00 [WebApplication4] [Information] SkyApm.Service.PingService : Ping server @2019/8/30 10:10:41 +00:00
2019-08-30 18:11:41.744 +08:00 [WebApplication4] [Information] SkyApm.Service.PingService : Ping server @2019/8/30 10:11:41 +00:00
2019-08-30 18:12:41.745 +08:00 [WebApplication4] [Information] SkyApm.Service.PingService : Ping server @2019/8/30 10:12:41 +00:00
2019-08-30 18:13:41.745 +08:00 [WebApplication4] [Information] SkyApm.Service.PingService : Ping server @2019/8/30 10:13:41 +00:00
2019-08-30 18:14:41.744 +08:00 [WebApplication4] [Information] SkyApm.Service.PingService : Ping server @2019/8/30 10:14:41 +00:00
2019-08-30 18:15:41.743 +08:00 [WebApplication4] [Information] SkyApm.Service.PingService : Ping server @2019/8/30 10:15:41 +00:00
2019-08-30 18:16:41.744 +08:00 [WebApplication4] [Information] SkyApm.Service.PingService : Ping server @2019/8/30 10:16:41 +00:00
2019-08-30 18:17:41.747 +08:00 [WebApplication4] [Information] SkyApm.Service.PingService : Ping server @2019/8/30 10:17:41 +00:00
2019-08-30 18:18:41.746 +08:00 [WebApplication4] [Information] SkyApm.Service.PingService : Ping server @2019/8/30 10:18:41 +00:00
2019-08-30 18:19:41.750 +08:00 [WebApplication4] [Information] SkyApm.Service.PingService : Ping server @2019/8/30 10:19:41 +00:00
2019-08-30 18:20:41.744 +08:00 [WebApplication4] [Information] SkyApm.Service.PingService : Ping server @2019/8/30 10:20:41 +00:00
2019-08-30 18:21:41.751 +08:00 [WebApplication4] [Information] SkyApm.Service.PingService : Ping server @2019/8/30 10:21:41 +00:00
2019-08-30 18:22:41.747 +08:00 [WebApplication4] [Information] SkyApm.Service.PingService : Ping server @2019/8/30 10:22:41 +00:00
2019-08-30 18:23:41.746 +08:00 [WebApplication4] [Information] SkyApm.Service.PingService : Ping server @2019/8/30 10:23:41 +00:00
2019-08-30 18:24:41.751 +08:00 [WebApplication4] [Information] SkyApm.Service.PingService : Ping server @2019/8/30 10:24:41 +00:00
2019-08-30 18:25:41.742 +08:00 [WebApplication4] [Information] SkyApm.Service.PingService : Ping server @2019/8/30 10:25:41 +00:00
2019-08-30 18:26:41.751 +08:00 [WebApplication4] [Information] SkyApm.Service.PingService : Ping server @2019/8/30 10:26:41 +00:00
2019-08-30 18:27:41.753 +08:00 [WebApplication4] [Information] SkyApm.Service.PingService : Ping server @2019/8/30 10:27:41 +00:00
2019-08-30 18:28:41.741 +08:00 [WebApplication4] [Information] SkyApm.Service.PingService : Ping server @2019/8/30 10:28:41 +00:00
2019-08-30 18:29:41.759 +08:00 [WebApplication4] [Information] SkyApm.Service.PingService : Ping server @2019/8/30 10:29:41 +00:00
2019-08-30 18:30:41.741 +08:00 [WebApplication4] [Information] SkyApm.Service.PingService : Ping server @2019/8/30 10:30:41 +00:00
2019-08-30 18:31:41.754 +08:00 [WebApplication4] [Information] SkyApm.Service.PingService : Ping server @2019/8/30 10:31:41 +00:00
2019-08-30 18:32:41.753 +08:00 [WebApplication4] [Information] SkyApm.Service.PingService : Ping server @2019/8/30 10:32:41 +00:00
2019-08-30 18:33:41.754 +08:00 [WebApplication4] [Information] SkyApm.Service.PingService : Ping server @2019/8/30 10:33:41 +00:00
2019-08-30 18:34:41.752 +08:00 [WebApplication4] [Information] SkyApm.Service.PingService : Ping server @2019/8/30 10:34:41 +00:00
2019-08-30 18:35:41.754 +08:00 [WebApplication4] [Information] SkyApm.Service.PingService : Ping server @2019/8/30 10:35:41 +00:00
2019-08-30 18:36:41.741 +08:00 [WebApplication4] [Information] SkyApm.Service.PingService : Ping server @2019/8/30 10:36:41 +00:00
2019-08-30 18:37:41.759 +08:00 [WebApplication4] [Information] SkyApm.Service.PingService : Ping server @2019/8/30 10:37:41 +00:00
2019-08-30 18:38:41.753 +08:00 [WebApplication4] [Information] SkyApm.Service.PingService : Ping server @2019/8/30 10:38:41 +00:00
2019-08-30 18:39:41.756 +08:00 [WebApplication4] [Information] SkyApm.Service.PingService : Ping server @2019/8/30 10:39:41 +00:00
2019-08-30 18:40:41.754 +08:00 [WebApplication4] [Information] SkyApm.Service.PingService : Ping server @2019/8/30 10:40:41 +00:00
2019-08-30 18:41:41.757 +08:00 [WebApplication4] [Information] SkyApm.Service.PingService : Ping server @2019/8/30 10:41:41 +00:00
2019-08-30 18:42:41.754 +08:00 [WebApplication4] [Information] SkyApm.Service.PingService : Ping server @2019/8/30 10:42:41 +00:00
2019-08-30 18:43:41.744 +08:00 [WebApplication4] [Information] SkyApm.Service.PingService : Ping server @2019/8/30 10:43:41 +00:00
2019-08-30 18:44:41.754 +08:00 [WebApplication4] [Information] SkyApm.Service.PingService : Ping server @2019/8/30 10:44:41 +00:00
2019-08-30 18:45:41.755 +08:00 [WebApplication4] [Information] SkyApm.Service.PingService : Ping server @2019/8/30 10:45:41 +00:00
2019-08-30 18:46:41.755 +08:00 [WebApplication4] [Information] SkyApm.Service.PingService : Ping server @2019/8/30 10:46:41 +00:00
2019-08-30 18:47:41.757 +08:00 [WebApplication4] [Information] SkyApm.Service.PingService : Ping server @2019/8/30 10:47:41 +00:00
2019-08-30 18:48:41.753 +08:00 [WebApplication4] [Information] SkyApm.Service.PingService : Ping server @2019/8/30 10:48:41 +00:00
2019-08-30 18:49:41.755 +08:00 [WebApplication4] [Information] SkyApm.Service.PingService : Ping server @2019/8/30 10:49:41 +00:00
2019-08-30 18:50:41.742 +08:00 [WebApplication4] [Information] SkyApm.Service.PingService : Ping server @2019/8/30 10:50:41 +00:00
2019-08-30 18:51:41.771 +08:00 [WebApplication4] [Information] SkyApm.Service.PingService : Ping server @2019/8/30 10:51:41 +00:00
2019-08-30 18:52:41.749 +08:00 [WebApplication4] [Information] SkyApm.Service.PingService : Ping server @2019/8/30 10:52:41 +00:00
2019-08-30 18:53:41.752 +08:00 [WebApplication4] [Information] SkyApm.Service.PingService : Ping server @2019/8/30 10:53:41 +00:00
2019-08-30 18:54:41.763 +08:00 [WebApplication4] [Information] SkyApm.Service.PingService : Ping server @2019/8/30 10:54:41 +00:00
2019-08-30 18:55:41.771 +08:00 [WebApplication4] [Information] SkyApm.Service.PingService : Ping server @2019/8/30 10:55:41 +00:00
2019-08-30 18:56:41.762 +08:00 [WebApplication4] [Information] SkyApm.Service.PingService : Ping server @2019/8/30 10:56:41 +00:00
2019-08-30 18:57:41.765 +08:00 [WebApplication4] [Information] SkyApm.Service.PingService : Ping server @2019/8/30 10:57:41 +00:00
2019-08-30 18:58:41.764 +08:00 [WebApplication4] [Information] SkyApm.Service.PingService : Ping server @2019/8/30 10:58:41 +00:00
2019-08-30 18:59:41.768 +08:00 [WebApplication4] [Information] SkyApm.Service.PingService : Ping server @2019/8/30 10:59:41 +00:00
2019-08-30 19:00:41.765 +08:00 [WebApplication4] [Information] SkyApm.Service.PingService : Ping server @2019/8/30 11:00:41 +00:00
2019-08-30 19:01:41.772 +08:00 [WebApplication4] [Information] SkyApm.Service.PingService : Ping server @2019/8/30 11:01:41 +00:00
2019-08-30 19:02:41.766 +08:00 [WebApplication4] [Information] SkyApm.Service.PingService : Ping server @2019/8/30 11:02:41 +00:00
2019-08-30 19:03:41.768 +08:00 [WebApplication4] [Information] SkyApm.Service.PingService : Ping server @2019/8/30 11:03:41 +00:00
2019-08-30 19:04:41.767 +08:00 [WebApplication4] [Information] SkyApm.Service.PingService : Ping server @2019/8/30 11:04:41 +00:00
2019-08-30 19:05:41.768 +08:00 [WebApplication4] [Information] SkyApm.Service.PingService : Ping server @2019/8/30 11:05:41 +00:00
2019-08-30 19:06:41.767 +08:00 [WebApplication4] [Information] SkyApm.Service.PingService : Ping server @2019/8/30 11:06:41 +00:00
2019-08-30 19:07:41.762 +08:00 [WebApplication4] [Information] SkyApm.Service.PingService : Ping server @2019/8/30 11:07:41 +00:00
2019-08-30 19:08:41.769 +08:00 [WebApplication4] [Information] SkyApm.Service.PingService : Ping server @2019/8/30 11:08:41 +00:00
2019-08-30 19:09:41.772 +08:00 [WebApplication4] [Information] SkyApm.Service.PingService : Ping server @2019/8/30 11:09:41 +00:00
2019-08-30 19:10:41.771 +08:00 [WebApplication4] [Information] SkyApm.Service.PingService : Ping server @2019/8/30 11:10:41 +00:00
2019-08-30 19:11:41.774 +08:00 [WebApplication4] [Information] SkyApm.Service.PingService : Ping server @2019/8/30 11:11:41 +00:00
2019-08-30 19:12:41.764 +08:00 [WebApplication4] [Information] SkyApm.Service.PingService : Ping server @2019/8/30 11:12:41 +00:00
2019-08-30 19:13:41.764 +08:00 [WebApplication4] [Information] SkyApm.Service.PingService : Ping server @2019/8/30 11:13:41 +00:00
2019-08-30 19:14:41.762 +08:00 [WebApplication4] [Information] SkyApm.Service.PingService : Ping server @2019/8/30 11:14:41 +00:00
2019-08-30 19:15:41.779 +08:00 [WebApplication4] [Information] SkyApm.Service.PingService : Ping server @2019/8/30 11:15:41 +00:00
2019-08-30 19:16:41.775 +08:00 [WebApplication4] [Information] SkyApm.Service.PingService : Ping server @2019/8/30 11:16:41 +00:00
2019-08-30 19:17:41.784 +08:00 [WebApplication4] [Information] SkyApm.Service.PingService : Ping server @2019/8/30 11:17:41 +00:00
2019-08-30 19:18:41.775 +08:00 [WebApplication4] [Information] SkyApm.Service.PingService : Ping server @2019/8/30 11:18:41 +00:00
2019-08-30 19:19:41.766 +08:00 [WebApplication4] [Information] SkyApm.Service.PingService : Ping server @2019/8/30 11:19:41 +00:00
2019-08-30 19:20:41.777 +08:00 [WebApplication4] [Information] SkyApm.Service.PingService : Ping server @2019/8/30 11:20:41 +00:00
2019-08-30 19:21:41.779 +08:00 [WebApplication4] [Information] SkyApm.Service.PingService : Ping server @2019/8/30 11:21:41 +00:00
2019-08-30 19:22:41.777 +08:00 [WebApplication4] [Information] SkyApm.Service.PingService : Ping server @2019/8/30 11:22:41 +00:00
2019-08-30 19:23:41.780 +08:00 [WebApplication4] [Information] SkyApm.Service.PingService : Ping server @2019/8/30 11:23:41 +00:00
2019-08-30 19:24:41.788 +08:00 [WebApplication4] [Information] SkyApm.Service.PingService : Ping server @2019/8/30 11:24:41 +00:00
2019-08-30 19:25:41.778 +08:00 [WebApplication4] [Information] SkyApm.Service.PingService : Ping server @2019/8/30 11:25:41 +00:00
2019-08-30 19:26:41.777 +08:00 [WebApplication4] [Information] SkyApm.Service.PingService : Ping server @2019/8/30 11:26:41 +00:00
2019-08-30 19:27:41.780 +08:00 [WebApplication4] [Information] SkyApm.Service.PingService : Ping server @2019/8/30 11:27:41 +00:00
2019-08-30 19:28:41.777 +08:00 [WebApplication4] [Information] SkyApm.Service.PingService : Ping server @2019/8/30 11:28:41 +00:00
2019-08-30 19:29:41.782 +08:00 [WebApplication4] [Information] SkyApm.Service.PingService : Ping server @2019/8/30 11:29:41 +00:00
2019-08-30 19:30:41.776 +08:00 [WebApplication4] [Information] SkyApm.Service.PingService : Ping server @2019/8/30 11:30:41 +00:00
2019-08-30 19:31:41.778 +08:00 [WebApplication4] [Information] SkyApm.Service.PingService : Ping server @2019/8/30 11:31:41 +00:00
2019-08-30 19:32:41.777 +08:00 [WebApplication4] [Information] SkyApm.Service.PingService : Ping server @2019/8/30 11:32:41 +00:00
2019-08-30 19:33:41.780 +08:00 [WebApplication4] [Information] SkyApm.Service.PingService : Ping server @2019/8/30 11:33:41 +00:00
2019-08-30 19:34:41.777 +08:00 [WebApplication4] [Information] SkyApm.Service.PingService : Ping server @2019/8/30 11:34:41 +00:00
2019-08-30 19:35:41.779 +08:00 [WebApplication4] [Information] SkyApm.Service.PingService : Ping server @2019/8/30 11:35:41 +00:00
2019-08-30 19:36:41.777 +08:00 [WebApplication4] [Information] SkyApm.Service.PingService : Ping server @2019/8/30 11:36:41 +00:00
2019-08-30 19:37:41.779 +08:00 [WebApplication4] [Information] SkyApm.Service.PingService : Ping server @2019/8/30 11:37:41 +00:00
2019-08-30 19:38:41.777 +08:00 [WebApplication4] [Information] SkyApm.Service.PingService : Ping server @2019/8/30 11:38:41 +00:00
2019-08-30 19:39:41.780 +08:00 [WebApplication4] [Information] SkyApm.Service.PingService : Ping server @2019/8/30 11:39:41 +00:00
2019-08-30 19:40:41.779 +08:00 [WebApplication4] [Information] SkyApm.Service.PingService : Ping server @2019/8/30 11:40:41 +00:00
2019-08-30 19:41:41.779 +08:00 [WebApplication4] [Information] SkyApm.Service.PingService : Ping server @2019/8/30 11:41:41 +00:00
2019-08-30 19:42:41.776 +08:00 [WebApplication4] [Information] SkyApm.Service.PingService : Ping server @2019/8/30 11:42:41 +00:00
2019-08-30 19:43:41.782 +08:00 [WebApplication4] [Information] SkyApm.Service.PingService : Ping server @2019/8/30 11:43:41 +00:00
2019-08-30 19:44:41.777 +08:00 [WebApplication4] [Information] SkyApm.Service.PingService : Ping server @2019/8/30 11:44:41 +00:00
2019-08-30 19:45:41.785 +08:00 [WebApplication4] [Information] SkyApm.Service.PingService : Ping server @2019/8/30 11:45:41 +00:00
2019-08-30 19:46:41.784 +08:00 [WebApplication4] [Information] SkyApm.Service.PingService : Ping server @2019/8/30 11:46:41 +00:00
2019-08-30 19:47:41.788 +08:00 [WebApplication4] [Information] SkyApm.Service.PingService : Ping server @2019/8/30 11:47:41 +00:00
2019-08-30 19:48:41.787 +08:00 [WebApplication4] [Information] SkyApm.Service.PingService : Ping server @2019/8/30 11:48:41 +00:00
2019-08-30 19:49:41.796 +08:00 [WebApplication4] [Information] SkyApm.Service.PingService : Ping server @2019/8/30 11:49:41 +00:00
2019-08-30 19:50:41.788 +08:00 [WebApplication4] [Information] SkyApm.Service.PingService : Ping server @2019/8/30 11:50:41 +00:00
2019-08-30 19:51:41.793 +08:00 [WebApplication4] [Information] SkyApm.Service.PingService : Ping server @2019/8/30 11:51:41 +00:00
2019-08-30 19:52:41.792 +08:00 [WebApplication4] [Information] SkyApm.Service.PingService : Ping server @2019/8/30 11:52:41 +00:00
2019-08-30 19:53:41.793 +08:00 [WebApplication4] [Information] SkyApm.Service.PingService : Ping server @2019/8/30 11:53:41 +00:00
2019-08-30 19:54:41.794 +08:00 [WebApplication4] [Information] SkyApm.Service.PingService : Ping server @2019/8/30 11:54:41 +00:00
2019-08-30 19:55:41.794 +08:00 [WebApplication4] [Information] SkyApm.Service.PingService : Ping server @2019/8/30 11:55:41 +00:00
2019-08-30 19:56:41.793 +08:00 [WebApplication4] [Information] SkyApm.Service.PingService : Ping server @2019/8/30 11:56:41 +00:00
2019-08-30 19:57:41.794 +08:00 [WebApplication4] [Information] SkyApm.Service.PingService : Ping server @2019/8/30 11:57:41 +00:00
2019-08-30 19:58:41.792 +08:00 [WebApplication4] [Information] SkyApm.Service.PingService : Ping server @2019/8/30 11:58:41 +00:00
2019-08-30 19:59:41.793 +08:00 [WebApplication4] [Information] SkyApm.Service.PingService : Ping server @2019/8/30 11:59:41 +00:00
2019-08-30 20:00:41.795 +08:00 [WebApplication4] [Information] SkyApm.Service.PingService : Ping server @2019/8/30 12:00:41 +00:00
2019-08-30 20:01:41.797 +08:00 [WebApplication4] [Information] SkyApm.Service.PingService : Ping server @2019/8/30 12:01:41 +00:00
2019-08-30 20:02:41.797 +08:00 [WebApplication4] [Information] SkyApm.Service.PingService : Ping server @2019/8/30 12:02:41 +00:00
2019-08-30 20:03:41.792 +08:00 [WebApplication4] [Information] SkyApm.Service.PingService : Ping server @2019/8/30 12:03:41 +00:00
2019-08-30 20:04:41.800 +08:00 [WebApplication4] [Information] SkyApm.Service.PingService : Ping server @2019/8/30 12:04:41 +00:00
2019-08-30 20:05:41.803 +08:00 [WebApplication4] [Information] SkyApm.Service.PingService : Ping server @2019/8/30 12:05:41 +00:00
2019-08-30 20:06:41.800 +08:00 [WebApplication4] [Information] SkyApm.Service.PingService : Ping server @2019/8/30 12:06:41 +00:00
2019-08-30 20:07:41.804 +08:00 [WebApplication4] [Information] SkyApm.Service.PingService : Ping server @2019/8/30 12:07:41 +00:00
2019-08-30 20:08:41.802 +08:00 [WebApplication4] [Information] SkyApm.Service.PingService : Ping server @2019/8/30 12:08:41 +00:00
2019-08-30 20:09:41.804 +08:00 [WebApplication4] [Information] SkyApm.Service.PingService : Ping server @2019/8/30 12:09:41 +00:00
2019-08-30 20:10:41.803 +08:00 [WebApplication4] [Information] SkyApm.Service.PingService : Ping server @2019/8/30 12:10:41 +00:00
2019-08-30 20:11:41.804 +08:00 [WebApplication4] [Information] SkyApm.Service.PingService : Ping server @2019/8/30 12:11:41 +00:00
2019-08-30 20:12:41.802 +08:00 [WebApplication4] [Information] SkyApm.Service.PingService : Ping server @2019/8/30 12:12:41 +00:00
2019-08-30 20:13:41.805 +08:00 [WebApplication4] [Information] SkyApm.Service.PingService : Ping server @2019/8/30 12:13:41 +00:00
2019-08-30 20:14:41.803 +08:00 [WebApplication4] [Information] SkyApm.Service.PingService : Ping server @2019/8/30 12:14:41 +00:00
2019-08-30 20:15:41.805 +08:00 [WebApplication4] [Information] SkyApm.Service.PingService : Ping server @2019/8/30 12:15:41 +00:00
2019-08-30 20:16:41.804 +08:00 [WebApplication4] [Information] SkyApm.Service.PingService : Ping server @2019/8/30 12:16:41 +00:00
2019-08-30 20:17:41.806 +08:00 [WebApplication4] [Information] SkyApm.Service.PingService : Ping server @2019/8/30 12:17:41 +00:00
2019-08-30 20:18:41.802 +08:00 [WebApplication4] [Information] SkyApm.Service.PingService : Ping server @2019/8/30 12:18:41 +00:00
2019-08-30 20:19:41.795 +08:00 [WebApplication4] [Information] SkyApm.Service.PingService : Ping server @2019/8/30 12:19:41 +00:00
2019-08-30 20:20:41.804 +08:00 [WebApplication4] [Information] SkyApm.Service.PingService : Ping server @2019/8/30 12:20:41 +00:00
2019-08-30 20:21:41.798 +08:00 [WebApplication4] [Information] SkyApm.Service.PingService : Ping server @2019/8/30 12:21:41 +00:00
2019-08-30 20:22:41.804 +08:00 [WebApplication4] [Information] SkyApm.Service.PingService : Ping server @2019/8/30 12:22:41 +00:00
2019-08-30 20:23:41.810 +08:00 [WebApplication4] [Information] SkyApm.Service.PingService : Ping server @2019/8/30 12:23:41 +00:00
2019-08-30 20:24:41.793 +08:00 [WebApplication4] [Information] SkyApm.Service.PingService : Ping server @2019/8/30 12:24:41 +00:00
2019-08-30 20:25:41.810 +08:00 [WebApplication4] [Information] SkyApm.Service.PingService : Ping server @2019/8/30 12:25:41 +00:00
2019-08-30 20:26:41.803 +08:00 [WebApplication4] [Information] SkyApm.Service.PingService : Ping server @2019/8/30 12:26:41 +00:00
2019-08-30 20:27:41.809 +08:00 [WebApplication4] [Information] SkyApm.Service.PingService : Ping server @2019/8/30 12:27:41 +00:00
2019-08-30 20:28:41.805 +08:00 [WebApplication4] [Information] SkyApm.Service.PingService : Ping server @2019/8/30 12:28:41 +00:00
2019-08-30 20:29:41.805 +08:00 [WebApplication4] [Information] SkyApm.Service.PingService : Ping server @2019/8/30 12:29:41 +00:00
2019-08-30 20:30:41.796 +08:00 [WebApplication4] [Information] SkyApm.Service.PingService : Ping server @2019/8/30 12:30:41 +00:00
2019-08-30 20:31:41.806 +08:00 [WebApplication4] [Information] SkyApm.Service.PingService : Ping server @2019/8/30 12:31:41 +00:00
2019-08-30 20:32:41.804 +08:00 [WebApplication4] [Information] SkyApm.Service.PingService : Ping server @2019/8/30 12:32:41 +00:00
2019-08-30 20:33:41.808 +08:00 [WebApplication4] [Information] SkyApm.Service.PingService : Ping server @2019/8/30 12:33:41 +00:00
2019-08-30 20:34:41.796 +08:00 [WebApplication4] [Information] SkyApm.Service.PingService : Ping server @2019/8/30 12:34:41 +00:00
2019-08-30 20:35:41.808 +08:00 [WebApplication4] [Information] SkyApm.Service.PingService : Ping server @2019/8/30 12:35:41 +00:00
2019-08-30 20:36:41.794 +08:00 [WebApplication4] [Information] SkyApm.Service.PingService : Ping server @2019/8/30 12:36:41 +00:00
2019-08-30 20:37:41.809 +08:00 [WebApplication4] [Information] SkyApm.Service.PingService : Ping server @2019/8/30 12:37:41 +00:00
2019-08-30 20:38:41.806 +08:00 [WebApplication4] [Information] SkyApm.Service.PingService : Ping server @2019/8/30 12:38:41 +00:00
2019-08-30 20:39:41.809 +08:00 [WebApplication4] [Information] SkyApm.Service.PingService : Ping server @2019/8/30 12:39:41 +00:00
2019-08-30 20:40:41.808 +08:00 [WebApplication4] [Information] SkyApm.Service.PingService : Ping server @2019/8/30 12:40:41 +00:00
2019-08-30 20:41:41.800 +08:00 [WebApplication4] [Information] SkyApm.Service.PingService : Ping server @2019/8/30 12:41:41 +00:00
2019-08-30 20:42:41.811 +08:00 [WebApplication4] [Information] SkyApm.Service.PingService : Ping server @2019/8/30 12:42:41 +00:00
2019-08-30 20:43:41.813 +08:00 [WebApplication4] [Information] SkyApm.Service.PingService : Ping server @2019/8/30 12:43:41 +00:00
2019-08-30 20:44:41.809 +08:00 [WebApplication4] [Information] SkyApm.Service.PingService : Ping server @2019/8/30 12:44:41 +00:00
2019-08-30 20:45:41.812 +08:00 [WebApplication4] [Information] SkyApm.Service.PingService : Ping server @2019/8/30 12:45:41 +00:00
2019-08-30 20:46:41.810 +08:00 [WebApplication4] [Information] SkyApm.Service.PingService : Ping server @2019/8/30 12:46:41 +00:00
2019-08-30 20:47:41.801 +08:00 [WebApplication4] [Information] SkyApm.Service.PingService : Ping server @2019/8/30 12:47:41 +00:00
2019-08-30 20:48:41.811 +08:00 [WebApplication4] [Information] SkyApm.Service.PingService : Ping server @2019/8/30 12:48:41 +00:00
2019-08-30 20:49:41.814 +08:00 [WebApplication4] [Information] SkyApm.Service.PingService : Ping server @2019/8/30 12:49:41 +00:00
2019-08-30 20:50:41.803 +08:00 [WebApplication4] [Information] SkyApm.Service.PingService : Ping server @2019/8/30 12:50:41 +00:00
2019-08-30 20:51:41.814 +08:00 [WebApplication4] [Information] SkyApm.Service.PingService : Ping server @2019/8/30 12:51:41 +00:00
2019-08-30 20:52:41.804 +08:00 [WebApplication4] [Information] SkyApm.Service.PingService : Ping server @2019/8/30 12:52:41 +00:00
2019-08-30 20:53:41.815 +08:00 [WebApplication4] [Information] SkyApm.Service.PingService : Ping server @2019/8/30 12:53:41 +00:00
2019-08-30 20:54:41.813 +08:00 [WebApplication4] [Information] SkyApm.Service.PingService : Ping server @2019/8/30 12:54:41 +00:00
2019-08-30 20:55:41.819 +08:00 [WebApplication4] [Information] SkyApm.Service.PingService : Ping server @2019/8/30 12:55:41 +00:00
2019-08-30 20:56:41.813 +08:00 [WebApplication4] [Information] SkyApm.Service.PingService : Ping server @2019/8/30 12:56:41 +00:00
2019-08-30 20:57:41.815 +08:00 [WebApplication4] [Information] SkyApm.Service.PingService : Ping server @2019/8/30 12:57:41 +00:00
2019-08-30 20:58:41.813 +08:00 [WebApplication4] [Information] SkyApm.Service.PingService : Ping server @2019/8/30 12:58:41 +00:00
2019-08-30 20:59:41.816 +08:00 [WebApplication4] [Information] SkyApm.Service.PingService : Ping server @2019/8/30 12:59:41 +00:00
2019-08-30 21:00:41.814 +08:00 [WebApplication4] [Information] SkyApm.Service.PingService : Ping server @2019/8/30 13:00:41 +00:00
2019-08-30 21:01:41.809 +08:00 [WebApplication4] [Information] SkyApm.Service.PingService : Ping server @2019/8/30 13:01:41 +00:00
2019-08-30 21:02:41.814 +08:00 [WebApplication4] [Information] SkyApm.Service.PingService : Ping server @2019/8/30 13:02:41 +00:00
2019-08-30 21:03:41.816 +08:00 [WebApplication4] [Information] SkyApm.Service.PingService : Ping server @2019/8/30 13:03:41 +00:00
2019-08-30 21:04:41.810 +08:00 [WebApplication4] [Information] SkyApm.Service.PingService : Ping server @2019/8/30 13:04:41 +00:00
2019-08-30 21:05:41.821 +08:00 [WebApplication4] [Information] SkyApm.Service.PingService : Ping server @2019/8/30 13:05:41 +00:00
2019-08-30 21:06:41.814 +08:00 [WebApplication4] [Information] SkyApm.Service.PingService : Ping server @2019/8/30 13:06:41 +00:00
2019-08-30 21:07:41.817 +08:00 [WebApplication4] [Information] SkyApm.Service.PingService : Ping server @2019/8/30 13:07:41 +00:00
2019-08-30 21:08:41.816 +08:00 [WebApplication4] [Information] SkyApm.Service.PingService : Ping server @2019/8/30 13:08:41 +00:00
2019-08-30 21:09:41.818 +08:00 [WebApplication4] [Information] SkyApm.Service.PingService : Ping server @2019/8/30 13:09:41 +00:00
2019-08-30 21:10:41.818 +08:00 [WebApplication4] [Information] SkyApm.Service.PingService : Ping server @2019/8/30 13:10:41 +00:00
2019-08-30 21:11:41.821 +08:00 [WebApplication4] [Information] SkyApm.Service.PingService : Ping server @2019/8/30 13:11:41 +00:00
2019-08-30 21:12:41.818 +08:00 [WebApplication4] [Information] SkyApm.Service.PingService : Ping server @2019/8/30 13:12:41 +00:00
2019-08-30 21:13:41.823 +08:00 [WebApplication4] [Information] SkyApm.Service.PingService : Ping server @2019/8/30 13:13:41 +00:00
2019-08-30 21:14:41.823 +08:00 [WebApplication4] [Information] SkyApm.Service.PingService : Ping server @2019/8/30 13:14:41 +00:00
2019-08-30 21:15:41.825 +08:00 [WebApplication4] [Information] SkyApm.Service.PingService : Ping server @2019/8/30 13:15:41 +00:00
2019-08-30 21:16:41.827 +08:00 [WebApplication4] [Information] SkyApm.Service.PingService : Ping server @2019/8/30 13:16:41 +00:00
2019-08-30 21:17:41.826 +08:00 [WebApplication4] [Information] SkyApm.Service.PingService : Ping server @2019/8/30 13:17:41 +00:00
2019-08-30 21:18:41.825 +08:00 [WebApplication4] [Information] SkyApm.Service.PingService : Ping server @2019/8/30 13:18:41 +00:00
2019-08-30 21:19:41.815 +08:00 [WebApplication4] [Information] SkyApm.Service.PingService : Ping server @2019/8/30 13:19:41 +00:00
2019-08-30 21:20:41.825 +08:00 [WebApplication4] [Information] SkyApm.Service.PingService : Ping server @2019/8/30 13:20:41 +00:00
2019-08-30 21:21:41.828 +08:00 [WebApplication4] [Information] SkyApm.Service.PingService : Ping server @2019/8/30 13:21:41 +00:00
2019-08-30 21:22:41.828 +08:00 [WebApplication4] [Information] SkyApm.Service.PingService : Ping server @2019/8/30 13:22:41 +00:00
2019-08-30 21:23:41.830 +08:00 [WebApplication4] [Information] SkyApm.Service.PingService : Ping server @2019/8/30 13:23:41 +00:00
2019-08-30 21:24:41.827 +08:00 [WebApplication4] [Information] SkyApm.Service.PingService : Ping server @2019/8/30 13:24:41 +00:00
2019-08-30 21:25:41.821 +08:00 [WebApplication4] [Information] SkyApm.Service.PingService : Ping server @2019/8/30 13:25:41 +00:00
2019-08-30 21:26:41.830 +08:00 [WebApplication4] [Information] SkyApm.Service.PingService : Ping server @2019/8/30 13:26:41 +00:00
2019-08-30 21:27:41.832 +08:00 [WebApplication4] [Information] SkyApm.Service.PingService : Ping server @2019/8/30 13:27:41 +00:00
2019-08-30 21:28:41.829 +08:00 [WebApplication4] [Information] SkyApm.Service.PingService : Ping server @2019/8/30 13:28:41 +00:00
2019-08-30 21:29:41.829 +08:00 [WebApplication4] [Information] SkyApm.Service.PingService : Ping server @2019/8/30 13:29:41 +00:00
2019-08-30 21:30:41.831 +08:00 [WebApplication4] [Information] SkyApm.Service.PingService : Ping server @2019/8/30 13:30:41 +00:00
2019-08-30 21:31:41.834 +08:00 [WebApplication4] [Information] SkyApm.Service.PingService : Ping server @2019/8/30 13:31:41 +00:00
2019-08-30 21:32:41.832 +08:00 [WebApplication4] [Information] SkyApm.Service.PingService : Ping server @2019/8/30 13:32:41 +00:00
2019-08-30 21:33:41.834 +08:00 [WebApplication4] [Information] SkyApm.Service.PingService : Ping server @2019/8/30 13:33:41 +00:00
2019-08-30 21:34:41.830 +08:00 [WebApplication4] [Information] SkyApm.Service.PingService : Ping server @2019/8/30 13:34:41 +00:00
2019-08-30 21:35:41.833 +08:00 [WebApplication4] [Information] SkyApm.Service.PingService : Ping server @2019/8/30 13:35:41 +00:00
2019-08-30 21:36:41.833 +08:00 [WebApplication4] [Information] SkyApm.Service.PingService : Ping server @2019/8/30 13:36:41 +00:00
2019-08-30 21:37:41.833 +08:00 [WebApplication4] [Information] SkyApm.Service.PingService : Ping server @2019/8/30 13:37:41 +00:00
2019-08-30 21:38:41.831 +08:00 [WebApplication4] [Information] SkyApm.Service.PingService : Ping server @2019/8/30 13:38:41 +00:00
2019-08-30 21:39:41.839 +08:00 [WebApplication4] [Information] SkyApm.Service.PingService : Ping server @2019/8/30 13:39:41 +00:00
2019-08-30 21:40:41.820 +08:00 [WebApplication4] [Information] SkyApm.Service.PingService : Ping server @2019/8/30 13:40:41 +00:00
2019-08-30 21:41:41.836 +08:00 [WebApplication4] [Information] SkyApm.Service.PingService : Ping server @2019/8/30 13:41:41 +00:00
2019-08-30 21:42:41.832 +08:00 [WebApplication4] [Information] SkyApm.Service.PingService : Ping server @2019/8/30 13:42:41 +00:00
2019-08-30 21:43:41.840 +08:00 [WebApplication4] [Information] SkyApm.Service.PingService : Ping server @2019/8/30 13:43:41 +00:00
2019-08-30 21:44:41.834 +08:00 [WebApplication4] [Information] SkyApm.Service.PingService : Ping server @2019/8/30 13:44:41 +00:00
2019-08-30 21:45:41.836 +08:00 [WebApplication4] [Information] SkyApm.Service.PingService : Ping server @2019/8/30 13:45:41 +00:00
2019-08-30 21:46:41.834 +08:00 [WebApplication4] [Information] SkyApm.Service.PingService : Ping server @2019/8/30 13:46:41 +00:00
2019-08-30 21:47:41.837 +08:00 [WebApplication4] [Information] SkyApm.Service.PingService : Ping server @2019/8/30 13:47:41 +00:00
2019-08-30 21:48:41.824 +08:00 [WebApplication4] [Information] SkyApm.Service.PingService : Ping server @2019/8/30 13:48:41 +00:00
2019-08-30 21:49:41.829 +08:00 [WebApplication4] [Information] SkyApm.Service.PingService : Ping server @2019/8/30 13:49:41 +00:00
2019-08-30 21:50:41.840 +08:00 [WebApplication4] [Information] SkyApm.Service.PingService : Ping server @2019/8/30 13:50:41 +00:00
2019-08-30 21:51:41.843 +08:00 [WebApplication4] [Information] SkyApm.Service.PingService : Ping server @2019/8/30 13:51:41 +00:00
2019-08-30 21:52:41.837 +08:00 [WebApplication4] [Information] SkyApm.Service.PingService : Ping server @2019/8/30 13:52:41 +00:00
2019-08-30 21:53:41.842 +08:00 [WebApplication4] [Information] SkyApm.Service.PingService : Ping server @2019/8/30 13:53:41 +00:00
2019-08-30 21:54:41.837 +08:00 [WebApplication4] [Information] SkyApm.Service.PingService : Ping server @2019/8/30 13:54:41 +00:00
2019-08-30 21:55:41.837 +08:00 [WebApplication4] [Information] SkyApm.Service.PingService : Ping server @2019/8/30 13:55:41 +00:00
2019-08-30 21:56:41.837 +08:00 [WebApplication4] [Information] SkyApm.Service.PingService : Ping server @2019/8/30 13:56:41 +00:00
2019-08-30 21:57:41.833 +08:00 [WebApplication4] [Information] SkyApm.Service.PingService : Ping server @2019/8/30 13:57:41 +00:00
2019-08-30 21:58:41.841 +08:00 [WebApplication4] [Information] SkyApm.Service.PingService : Ping server @2019/8/30 13:58:41 +00:00
2019-08-30 21:59:41.838 +08:00 [WebApplication4] [Information] SkyApm.Service.PingService : Ping server @2019/8/30 13:59:41 +00:00
2019-08-30 22:00:41.839 +08:00 [WebApplication4] [Information] SkyApm.Service.PingService : Ping server @2019/8/30 14:00:41 +00:00
2019-08-30 22:01:41.839 +08:00 [WebApplication4] [Information] SkyApm.Service.PingService : Ping server @2019/8/30 14:01:41 +00:00
2019-08-30 22:02:41.839 +08:00 [WebApplication4] [Information] SkyApm.Service.PingService : Ping server @2019/8/30 14:02:41 +00:00
2019-08-30 22:03:41.865 +08:00 [WebApplication4] [Information] SkyApm.Service.PingService : Ping server @2019/8/30 14:03:41 +00:00
2019-08-30 22:04:41.838 +08:00 [WebApplication4] [Information] SkyApm.Service.PingService : Ping server @2019/8/30 14:04:41 +00:00
2019-08-30 22:05:41.841 +08:00 [WebApplication4] [Information] SkyApm.Service.PingService : Ping server @2019/8/30 14:05:41 +00:00
2019-08-30 22:06:41.839 +08:00 [WebApplication4] [Information] SkyApm.Service.PingService : Ping server @2019/8/30 14:06:41 +00:00
2019-08-30 22:07:41.844 +08:00 [WebApplication4] [Information] SkyApm.Service.PingService : Ping server @2019/8/30 14:07:41 +00:00
2019-08-30 22:08:41.839 +08:00 [WebApplication4] [Information] SkyApm.Service.PingService : Ping server @2019/8/30 14:08:41 +00:00
2019-08-30 22:09:41.842 +08:00 [WebApplication4] [Information] SkyApm.Service.PingService : Ping server @2019/8/30 14:09:41 +00:00
2019-08-30 22:10:41.838 +08:00 [WebApplication4] [Information] SkyApm.Service.PingService : Ping server @2019/8/30 14:10:41 +00:00
2019-08-30 22:11:41.842 +08:00 [WebApplication4] [Information] SkyApm.Service.PingService : Ping server @2019/8/30 14:11:41 +00:00
2019-08-30 22:12:41.839 +08:00 [WebApplication4] [Information] SkyApm.Service.PingService : Ping server @2019/8/30 14:12:41 +00:00
2019-08-30 22:13:41.833 +08:00 [WebApplication4] [Information] SkyApm.Service.PingService : Ping server @2019/8/30 14:13:41 +00:00
2019-08-30 22:14:41.828 +08:00 [WebApplication4] [Information] SkyApm.Service.PingService : Ping server @2019/8/30 14:14:41 +00:00
2019-08-30 22:15:41.844 +08:00 [WebApplication4] [Information] SkyApm.Service.PingService : Ping server @2019/8/30 14:15:41 +00:00
2019-08-30 22:16:41.839 +08:00 [WebApplication4] [Information] SkyApm.Service.PingService : Ping server @2019/8/30 14:16:41 +00:00
2019-08-30 22:17:41.849 +08:00 [WebApplication4] [Information] SkyApm.Service.PingService : Ping server @2019/8/30 14:17:41 +00:00
2019-08-30 22:18:41.839 +08:00 [WebApplication4] [Information] SkyApm.Service.PingService : Ping server @2019/8/30 14:18:41 +00:00
2019-08-30 22:19:41.833 +08:00 [WebApplication4] [Information] SkyApm.Service.PingService : Ping server @2019/8/30 14:19:41 +00:00
2019-08-30 22:20:41.839 +08:00 [WebApplication4] [Information] SkyApm.Service.PingService : Ping server @2019/8/30 14:20:41 +00:00
2019-08-30 22:21:41.845 +08:00 [WebApplication4] [Information] SkyApm.Service.PingService : Ping server @2019/8/30 14:21:41 +00:00
2019-08-30 22:22:41.842 +08:00 [WebApplication4] [Information] SkyApm.Service.PingService : Ping server @2019/8/30 14:22:41 +00:00
2019-08-30 22:23:41.831 +08:00 [WebApplication4] [Information] SkyApm.Service.PingService : Ping server @2019/8/30 14:23:41 +00:00
2019-08-30 22:24:41.841 +08:00 [WebApplication4] [Information] SkyApm.Service.PingService : Ping server @2019/8/30 14:24:41 +00:00
2019-08-30 22:25:41.831 +08:00 [WebApplication4] [Information] SkyApm.Service.PingService : Ping server @2019/8/30 14:25:41 +00:00
2019-08-30 22:26:41.841 +08:00 [WebApplication4] [Information] SkyApm.Service.PingService : Ping server @2019/8/30 14:26:41 +00:00
2019-08-30 22:27:41.848 +08:00 [WebApplication4] [Information] SkyApm.Service.PingService : Ping server @2019/8/30 14:27:41 +00:00
2019-08-30 22:28:41.840 +08:00 [WebApplication4] [Information] SkyApm.Service.PingService : Ping server @2019/8/30 14:28:41 +00:00
2019-08-30 22:29:41.849 +08:00 [WebApplication4] [Information] SkyApm.Service.PingService : Ping server @2019/8/30 14:29:41 +00:00
2019-08-30 22:30:41.840 +08:00 [WebApplication4] [Information] SkyApm.Service.PingService : Ping server @2019/8/30 14:30:41 +00:00
2019-08-30 22:31:41.844 +08:00 [WebApplication4] [Information] SkyApm.Service.PingService : Ping server @2019/8/30 14:31:41 +00:00
2019-08-30 22:32:41.839 +08:00 [WebApplication4] [Information] SkyApm.Service.PingService : Ping server @2019/8/30 14:32:41 +00:00
2019-08-30 22:33:41.842 +08:00 [WebApplication4] [Information] SkyApm.Service.PingService : Ping server @2019/8/30 14:33:41 +00:00
2019-08-30 22:34:41.840 +08:00 [WebApplication4] [Information] SkyApm.Service.PingService : Ping server @2019/8/30 14:34:41 +00:00
2019-08-30 22:35:41.851 +08:00 [WebApplication4] [Information] SkyApm.Service.PingService : Ping server @2019/8/30 14:35:41 +00:00
2019-08-30 22:36:41.838 +08:00 [WebApplication4] [Information] SkyApm.Service.PingService : Ping server @2019/8/30 14:36:41 +00:00
2019-08-30 22:37:41.843 +08:00 [WebApplication4] [Information] SkyApm.Service.PingService : Ping server @2019/8/30 14:37:41 +00:00
2019-08-30 22:38:41.842 +08:00 [WebApplication4] [Information] SkyApm.Service.PingService : Ping server @2019/8/30 14:38:41 +00:00
2019-08-30 22:39:41.851 +08:00 [WebApplication4] [Information] SkyApm.Service.PingService : Ping server @2019/8/30 14:39:41 +00:00
2019-08-30 22:40:41.841 +08:00 [WebApplication4] [Information] SkyApm.Service.PingService : Ping server @2019/8/30 14:40:41 +00:00
2019-08-30 22:41:41.844 +08:00 [WebApplication4] [Information] SkyApm.Service.PingService : Ping server @2019/8/30 14:41:41 +00:00
2019-08-30 22:42:41.841 +08:00 [WebApplication4] [Information] SkyApm.Service.PingService : Ping server @2019/8/30 14:42:41 +00:00
2019-08-30 22:43:41.837 +08:00 [WebApplication4] [Information] SkyApm.Service.PingService : Ping server @2019/8/30 14:43:41 +00:00
2019-08-30 22:44:41.842 +08:00 [WebApplication4] [Information] SkyApm.Service.PingService : Ping server @2019/8/30 14:44:41 +00:00
2019-08-30 22:45:41.847 +08:00 [WebApplication4] [Information] SkyApm.Service.PingService : Ping server @2019/8/30 14:45:41 +00:00
2019-08-30 22:46:41.841 +08:00 [WebApplication4] [Information] SkyApm.Service.PingService : Ping server @2019/8/30 14:46:41 +00:00
2019-08-30 22:47:41.844 +08:00 [WebApplication4] [Information] SkyApm.Service.PingService : Ping server @2019/8/30 14:47:41 +00:00
2019-08-30 22:48:41.841 +08:00 [WebApplication4] [Information] SkyApm.Service.PingService : Ping server @2019/8/30 14:48:41 +00:00
2019-08-30 22:49:41.847 +08:00 [WebApplication4] [Information] SkyApm.Service.PingService : Ping server @2019/8/30 14:49:41 +00:00
2019-08-30 22:50:41.840 +08:00 [WebApplication4] [Information] SkyApm.Service.PingService : Ping server @2019/8/30 14:50:41 +00:00
2019-08-30 22:51:41.847 +08:00 [WebApplication4] [Information] SkyApm.Service.PingService : Ping server @2019/8/30 14:51:41 +00:00
2019-08-30 22:52:41.834 +08:00 [WebApplication4] [Information] SkyApm.Service.PingService : Ping server @2019/8/30 14:52:41 +00:00
2019-08-30 22:53:41.849 +08:00 [WebApplication4] [Information] SkyApm.Service.PingService : Ping server @2019/8/30 14:53:41 +00:00
2019-08-30 22:54:41.848 +08:00 [WebApplication4] [Information] SkyApm.Service.PingService : Ping server @2019/8/30 14:54:41 +00:00
2019-08-30 22:55:41.849 +08:00 [WebApplication4] [Information] SkyApm.Service.PingService : Ping server @2019/8/30 14:55:41 +00:00
2019-08-30 22:56:41.851 +08:00 [WebApplication4] [Information] SkyApm.Service.PingService : Ping server @2019/8/30 14:56:41 +00:00
2019-08-30 22:57:41.854 +08:00 [WebApplication4] [Information] SkyApm.Service.PingService : Ping server @2019/8/30 14:57:41 +00:00
2019-08-30 22:58:41.854 +08:00 [WebApplication4] [Information] SkyApm.Service.PingService : Ping server @2019/8/30 14:58:41 +00:00
2019-08-30 22:59:41.861 +08:00 [WebApplication4] [Information] SkyApm.Service.PingService : Ping server @2019/8/30 14:59:41 +00:00
2019-08-30 23:00:41.855 +08:00 [WebApplication4] [Information] SkyApm.Service.PingService : Ping server @2019/8/30 15:00:41 +00:00
2019-08-30 23:01:41.858 +08:00 [WebApplication4] [Information] SkyApm.Service.PingService : Ping server @2019/8/30 15:01:41 +00:00
2019-08-30 23:02:41.858 +08:00 [WebApplication4] [Information] SkyApm.Service.PingService : Ping server @2019/8/30 15:02:41 +00:00
2019-08-30 23:03:41.861 +08:00 [WebApplication4] [Information] SkyApm.Service.PingService : Ping server @2019/8/30 15:03:41 +00:00
2019-08-30 23:04:41.859 +08:00 [WebApplication4] [Information] SkyApm.Service.PingService : Ping server @2019/8/30 15:04:41 +00:00
2019-08-30 23:05:41.862 +08:00 [WebApplication4] [Information] SkyApm.Service.PingService : Ping server @2019/8/30 15:05:41 +00:00
2019-08-30 23:06:41.859 +08:00 [WebApplication4] [Information] SkyApm.Service.PingService : Ping server @2019/8/30 15:06:41 +00:00
2019-08-30 23:07:41.851 +08:00 [WebApplication4] [Information] SkyApm.Service.PingService : Ping server @2019/8/30 15:07:41 +00:00
2019-08-30 23:08:41.850 +08:00 [WebApplication4] [Information] SkyApm.Service.PingService : Ping server @2019/8/30 15:08:41 +00:00
2019-08-30 23:09:41.867 +08:00 [WebApplication4] [Information] SkyApm.Service.PingService : Ping server @2019/8/30 15:09:41 +00:00
2019-08-30 23:10:41.863 +08:00 [WebApplication4] [Information] SkyApm.Service.PingService : Ping server @2019/8/30 15:10:41 +00:00
2019-08-30 23:11:41.869 +08:00 [WebApplication4] [Information] SkyApm.Service.PingService : Ping server @2019/8/30 15:11:41 +00:00
2019-08-30 23:12:41.863 +08:00 [WebApplication4] [Information] SkyApm.Service.PingService : Ping server @2019/8/30 15:12:41 +00:00
2019-08-30 23:13:41.867 +08:00 [WebApplication4] [Information] SkyApm.Service.PingService : Ping server @2019/8/30 15:13:41 +00:00
2019-08-30 23:14:41.865 +08:00 [WebApplication4] [Information] SkyApm.Service.PingService : Ping server @2019/8/30 15:14:41 +00:00
2019-08-30 23:15:41.864 +08:00 [WebApplication4] [Information] SkyApm.Service.PingService : Ping server @2019/8/30 15:15:41 +00:00
2019-08-30 23:16:41.866 +08:00 [WebApplication4] [Information] SkyApm.Service.PingService : Ping server @2019/8/30 15:16:41 +00:00
2019-08-30 23:17:41.872 +08:00 [WebApplication4] [Information] SkyApm.Service.PingService : Ping server @2019/8/30 15:17:41 +00:00
2019-08-30 23:18:41.867 +08:00 [WebApplication4] [Information] SkyApm.Service.PingService : Ping server @2019/8/30 15:18:41 +00:00
2019-08-30 23:19:41.868 +08:00 [WebApplication4] [Information] SkyApm.Service.PingService : Ping server @2019/8/30 15:19:41 +00:00
2019-08-30 23:20:41.866 +08:00 [WebApplication4] [Information] SkyApm.Service.PingService : Ping server @2019/8/30 15:20:41 +00:00
2019-08-30 23:21:41.872 +08:00 [WebApplication4] [Information] SkyApm.Service.PingService : Ping server @2019/8/30 15:21:41 +00:00
2019-08-30 23:22:41.866 +08:00 [WebApplication4] [Information] SkyApm.Service.PingService : Ping server @2019/8/30 15:22:41 +00:00
2019-08-30 23:23:41.860 +08:00 [WebApplication4] [Information] SkyApm.Service.PingService : Ping server @2019/8/30 15:23:41 +00:00
2019-08-30 23:24:41.868 +08:00 [WebApplication4] [Information] SkyApm.Service.PingService : Ping server @2019/8/30 15:24:41 +00:00
2019-08-30 23:25:41.870 +08:00 [WebApplication4] [Information] SkyApm.Service.PingService : Ping server @2019/8/30 15:25:41 +00:00
2019-08-30 23:26:41.867 +08:00 [WebApplication4] [Information] SkyApm.Service.PingService : Ping server @2019/8/30 15:26:41 +00:00
2019-08-30 23:27:41.860 +08:00 [WebApplication4] [Information] SkyApm.Service.PingService : Ping server @2019/8/30 15:27:41 +00:00
2019-08-30 23:28:41.867 +08:00 [WebApplication4] [Information] SkyApm.Service.PingService : Ping server @2019/8/30 15:28:41 +00:00
2019-08-30 23:29:41.872 +08:00 [WebApplication4] [Information] SkyApm.Service.PingService : Ping server @2019/8/30 15:29:41 +00:00
2019-08-30 23:30:41.877 +08:00 [WebApplication4] [Information] SkyApm.Service.PingService : Ping server @2019/8/30 15:30:41 +00:00
2019-08-30 23:31:41.870 +08:00 [WebApplication4] [Information] SkyApm.Service.PingService : Ping server @2019/8/30 15:31:41 +00:00
2019-08-30 23:32:41.857 +08:00 [WebApplication4] [Information] SkyApm.Service.PingService : Ping server @2019/8/30 15:32:41 +00:00
2019-08-30 23:33:41.871 +08:00 [WebApplication4] [Information] SkyApm.Service.PingService : Ping server @2019/8/30 15:33:41 +00:00
2019-08-30 23:34:41.870 +08:00 [WebApplication4] [Information] SkyApm.Service.PingService : Ping server @2019/8/30 15:34:41 +00:00
2019-08-30 23:35:41.871 +08:00 [WebApplication4] [Information] SkyApm.Service.PingService : Ping server @2019/8/30 15:35:41 +00:00
2019-08-30 23:36:41.867 +08:00 [WebApplication4] [Information] SkyApm.Service.PingService : Ping server @2019/8/30 15:36:41 +00:00
2019-08-30 23:37:41.875 +08:00 [WebApplication4] [Information] SkyApm.Service.PingService : Ping server @2019/8/30 15:37:41 +00:00
2019-08-30 23:38:41.870 +08:00 [WebApplication4] [Information] SkyApm.Service.PingService : Ping server @2019/8/30 15:38:41 +00:00
2019-08-30 23:39:41.861 +08:00 [WebApplication4] [Information] SkyApm.Service.PingService : Ping server @2019/8/30 15:39:41 +00:00
2019-08-30 23:40:41.870 +08:00 [WebApplication4] [Information] SkyApm.Service.PingService : Ping server @2019/8/30 15:40:41 +00:00
2019-08-30 23:41:41.884 +08:00 [WebApplication4] [Information] SkyApm.Service.PingService : Ping server @2019/8/30 15:41:41 +00:00
2019-08-30 23:42:41.870 +08:00 [WebApplication4] [Information] SkyApm.Service.PingService : Ping server @2019/8/30 15:42:41 +00:00
2019-08-30 23:43:41.873 +08:00 [WebApplication4] [Information] SkyApm.Service.PingService : Ping server @2019/8/30 15:43:41 +00:00
2019-08-30 23:44:41.869 +08:00 [WebApplication4] [Information] SkyApm.Service.PingService : Ping server @2019/8/30 15:44:41 +00:00
2019-08-30 23:45:41.879 +08:00 [WebApplication4] [Information] SkyApm.Service.PingService : Ping server @2019/8/30 15:45:41 +00:00
2019-08-30 23:46:41.870 +08:00 [WebApplication4] [Information] SkyApm.Service.PingService : Ping server @2019/8/30 15:46:41 +00:00
2019-08-30 23:47:41.873 +08:00 [WebApplication4] [Information] SkyApm.Service.PingService : Ping server @2019/8/30 15:47:41 +00:00
2019-08-30 23:48:41.870 +08:00 [WebApplication4] [Information] SkyApm.Service.PingService : Ping server @2019/8/30 15:48:41 +00:00
2019-08-30 23:49:41.872 +08:00 [WebApplication4] [Information] SkyApm.Service.PingService : Ping server @2019/8/30 15:49:41 +00:00
2019-08-30 23:50:41.871 +08:00 [WebApplication4] [Information] SkyApm.Service.PingService : Ping server @2019/8/30 15:50:41 +00:00
2019-08-30 23:51:41.872 +08:00 [WebApplication4] [Information] SkyApm.Service.PingService : Ping server @2019/8/30 15:51:41 +00:00
2019-08-30 23:52:41.870 +08:00 [WebApplication4] [Information] SkyApm.Service.PingService : Ping server @2019/8/30 15:52:41 +00:00
2019-08-30 23:53:41.877 +08:00 [WebApplication4] [Information] SkyApm.Service.PingService : Ping server @2019/8/30 15:53:41 +00:00
2019-08-30 23:54:41.871 +08:00 [WebApplication4] [Information] SkyApm.Service.PingService : Ping server @2019/8/30 15:54:41 +00:00
2019-08-30 23:55:41.872 +08:00 [WebApplication4] [Information] SkyApm.Service.PingService : Ping server @2019/8/30 15:55:41 +00:00
2019-08-30 23:56:41.871 +08:00 [WebApplication4] [Information] SkyApm.Service.PingService : Ping server @2019/8/30 15:56:41 +00:00
2019-08-30 23:57:41.873 +08:00 [WebApplication4] [Information] SkyApm.Service.PingService : Ping server @2019/8/30 15:57:41 +00:00
2019-08-30 23:58:41.870 +08:00 [WebApplication4] [Information] SkyApm.Service.PingService : Ping server @2019/8/30 15:58:41 +00:00
2019-08-30 23:59:41.874 +08:00 [WebApplication4] [Information] SkyApm.Service.PingService : Ping server @2019/8/30 15:59:41 +00:00
